[0.015s] Invoking command in '/home/adha/belajar/ws1/build/control': CMAKE_PREFIX_PATH=/home/adha/belajar/ws1/install/ros2_socketcan:/home/adha/belajar/ws1/install/ros2_socketcan_msgs:/home/adha/belajar/ws1/install/msgs:/home/adha/belajar/ws1/install/can_msgs:/home/adha/belajar/ws1/install/control:/opt/ros/jazzy/opt/gz_math_vendor:/opt/ros/jazzy/opt/gz_utils_vendor:/opt/ros/jazzy/opt/gz_cmake_vendor:/opt/ros/jazzy DEBUGINFOD_URLS=https://debuginfod.ubuntu.com /usr/bin/cmake --build /home/adha/belajar/ws1/build/control -- -j12 -l12
[0.064s] [ 25%] [32mBuilding CXX object CMakeFiles/translator_node.dir/src/translator_node.cpp.o[0m
[0.068s] [ 75%] Built target keyboard_input
[1.658s] [01m[K/home/adha/belajar/ws1/src/control/src/translator_node.cpp:5:7:[m[K [01;31m[Kerror: [m[Kâ€˜[01m[KMAX_PWM[m[Kâ€™ does not name a type
[1.658s]     5 | const [01;31m[KMAX_PWM[m[K = 255;
[1.658s]       |       [01;31m[K^~~~~~~[m[K
[1.684s] [01m[K/home/adha/belajar/ws1/src/control/src/translator_node.cpp:57:23:[m[K [01;31m[Kerror: [m[Kâ€˜[01m[Ksocketcan_msgs[m[Kâ€™ was not declared in this scope
[1.685s]    57 |     rclcpp::Publisher<[01;31m[Ksocketcan_msgs[m[K::msg::CanMsg>::SharedPtr can_publisher_;
[1.685s]       |                       [01;31m[K^~~~~~~~~~~~~~[m[K
[1.685s] [01m[K/home/adha/belajar/ws1/src/control/src/translator_node.cpp:57:50:[m[K [01;31m[Kerror: [m[Ktemplate argument 1 is invalid
[1.685s]    57 |     rclcpp::Publisher<socketcan_msgs::msg::CanMsg[01;31m[K>[m[K::SharedPtr can_publisher_;
[1.685s]       |                                                  [01;31m[K^[m[K
[1.685s] [01m[K/home/adha/belajar/ws1/src/control/src/translator_node.cpp:57:53:[m[K [01;31m[Kerror: [m[Kexpected â€˜[01m[K;[m[Kâ€™ at end of member declaration
[1.685s]    57 |     rclcpp::Publisher<socketcan_msgs::msg::CanMsg>::[01;31m[KSharedPtr[m[K can_publisher_;
[1.685s]       |                                                     [01;31m[K^~~~~~~~~[m[K
[1.685s]       |                                                              [32m[K;[m[K
[1.686s] [01m[K/home/adha/belajar/ws1/src/control/src/translator_node.cpp:57:63:[m[K [01;31m[Kerror: [m[Kâ€˜[01m[Kcan_publisher_[m[Kâ€™ does not name a type; did you mean â€˜[01m[Krmw_publisher_t[m[Kâ€™?
[1.686s]    57 |     rclcpp::Publisher<socketcan_msgs::msg::CanMsg>::SharedPtr [01;31m[Kcan_publisher_[m[K;
[1.686s]       |                                                               [01;31m[K^~~~~~~~~~~~~~[m[K
[1.686s]       |                                                               [32m[Krmw_publisher_t[m[K
[1.699s] [01m[K/home/adha/belajar/ws1/src/control/src/translator_node.cpp:[m[K In constructor â€˜[01m[KVelocitySubscriber::[01;32m[KVelocitySubscriber[m[K()[m[Kâ€™:
[1.699s] [01m[K/home/adha/belajar/ws1/src/control/src/translator_node.cpp:18:9:[m[K [01;31m[Kerror: [m[Kâ€˜[01m[Kcan_publisher_[m[Kâ€™ was not declared in this scope; did you mean â€˜[01m[Kcount_publishers[m[Kâ€™?
[1.699s]    18 |         [01;31m[Kcan_publisher_[m[K = this->create_publisher<socketcan_msgs::msg::CanMsg>("socketcan/can0", 10);
[1.699s]       |         [01;31m[K^~~~~~~~~~~~~~[m[K
[1.699s]       |         [32m[Kcount_publishers[m[K
[1.705s] [01m[K/home/adha/belajar/ws1/src/control/src/translator_node.cpp:18:49:[m[K [01;31m[Kerror: [m[Kâ€˜[01m[Ksocketcan_msgs[m[Kâ€™ was not declared in this scope
[1.705s]    18 |         can_publisher_ = this->create_publisher<[01;31m[Ksocketcan_msgs[m[K::msg::CanMsg>("socketcan/can0", 10);
[1.705s]       |                                                 [01;31m[K^~~~~~~~~~~~~~[m[K
[1.705s] [01m[K/home/adha/belajar/ws1/src/control/src/translator_node.cpp:18:32:[m[K [01;31m[Kerror: [m[Kparse error in template argument list
[1.705s]    18 |         can_publisher_ = this->[01;31m[Kcreate_publisher<socketcan_msgs::msg::CanMsg>[m[K("socketcan/can0", 10);
[1.705s]       |                                [01;31m[K^~~~~~~~~~~~~~~~~~~~~~~~~~~~~~~~~~~~~~~~~~~~~[m[K
[1.705s] [01m[K/home/adha/belajar/ws1/src/control/src/translator_node.cpp:18:77:[m[K [01;31m[Kerror: [m[Kno matching function for call to â€˜[01m[KVelocitySubscriber::create_publisher<<expression error> >(const char [15], int)[m[Kâ€™
[1.705s]    18 |         can_publisher_ = [01;31m[Kthis->create_publisher<socketcan_msgs::msg::CanMsg>("socketcan/can0", 10)[m[K;
[1.705s]       |                          [01;31m[K~~~~~~~~~~~~~~~~~~~~~~~~~~~~~~~~~~~~~~~~~~~~~~~~~~~^~~~~~~~~~~~~~~~~~~~~~[m[K
[1.705s] In file included from [01m[K/opt/ros/jazzy/include/rclcpp/rclcpp/executors/single_threaded_executor.hpp:28[m[K,
[1.705s]                  from [01m[K/opt/ros/jazzy/include/rclcpp/rclcpp/executors.hpp:22[m[K,
[1.705s]                  from [01m[K/opt/ros/jazzy/include/rclcpp/rclcpp/rclcpp.hpp:172[m[K,
[1.705s]                  from [01m[K/home/adha/belajar/ws1/src/control/src/translator_node.cpp:1[m[K:
[1.705s] [01m[K/opt/ros/jazzy/include/rclcpp/rclcpp/node.hpp:197:3:[m[K [01;36m[Knote: [m[Kcandidate: â€˜[01m[Ktemplate<class MessageT, class AllocatorT, class PublisherT> std::shared_ptr<PublisherT> rclcpp::Node::[01;32m[Kcreate_publisher[m[K(const std::string&, const rclcpp::QoS&, const rclcpp::PublisherOptionsWithAllocator<AllocatorT>&)[m[Kâ€™
[1.705s]   197 |   [01;36m[Kcreate_publisher[m[K(
[1.706s]       |   [01;36m[K^~~~~~~~~~~~~~~~[m[K
[1.706s] [01m[K/opt/ros/jazzy/include/rclcpp/rclcpp/node.hpp:197:3:[m[K [01;36m[Knote: [m[K  template argument deduction/substitution failed:
[1.706s] [01m[K/home/adha/belajar/ws1/src/control/src/translator_node.cpp:18:77:[m[K [01;31m[Kerror: [m[Ktemplate argument 1 is invalid
[1.706s]    18 |         can_publisher_ = [01;31m[Kthis->create_publisher<socketcan_msgs::msg::CanMsg>("socketcan/can0", 10)[m[K;
[1.706s]       |                          [01;31m[K~~~~~~~~~~~~~~~~~~~~~~~~~~~~~~~~~~~~~~~~~~~~~~~~~~~^~~~~~~~~~~~~~~~~~~~~~[m[K
[3.296s] gmake[2]: *** [CMakeFiles/translator_node.dir/build.make:76: CMakeFiles/translator_node.dir/src/translator_node.cpp.o] Error 1
[3.296s] gmake[1]: *** [CMakeFiles/Makefile2:165: CMakeFiles/translator_node.dir/all] Error 2
[3.296s] gmake: *** [Makefile:146: all] Error 2
[3.299s] Invoked command in '/home/adha/belajar/ws1/build/control' returned '2': CMAKE_PREFIX_PATH=/home/adha/belajar/ws1/install/ros2_socketcan:/home/adha/belajar/ws1/install/ros2_socketcan_msgs:/home/adha/belajar/ws1/install/msgs:/home/adha/belajar/ws1/install/can_msgs:/home/adha/belajar/ws1/install/control:/opt/ros/jazzy/opt/gz_math_vendor:/opt/ros/jazzy/opt/gz_utils_vendor:/opt/ros/jazzy/opt/gz_cmake_vendor:/opt/ros/jazzy DEBUGINFOD_URLS=https://debuginfod.ubuntu.com /usr/bin/cmake --build /home/adha/belajar/ws1/build/control -- -j12 -l12
