[01m[K/home/adha/belajar/ws1/src/control/src/translator_node.cpp:[m[K In constructor â€˜[01m[KVelocitySubscriber::[01;32m[KVelocitySubscriber[m[K()[m[Kâ€™:
[01m[K/home/adha/belajar/ws1/src/control/src/translator_node.cpp:18:9:[m[K [01;31m[Kerror: [m[Kâ€˜[01m[Kcan_publisher_[m[Kâ€™ was not declared in this scope; did you mean â€˜[01m[Kcount_publishers[m[Kâ€™?
   18 |         [01;31m[Kcan_publisher_[m[K = this->create_publisher<ros2_socketcan_msgs::msg::FdFrame>("socketcan/can0", 10);
      |         [01;31m[K^~~~~~~~~~~~~~[m[K
      |         [32m[Kcount_publishers[m[K
gmake[2]: *** [CMakeFiles/translator_node.dir/build.make:76: CMakeFiles/translator_node.dir/src/translator_node.cpp.o] Error 1
gmake[1]: *** [CMakeFiles/Makefile2:165: CMakeFiles/translator_node.dir/all] Error 2
gmake: *** [Makefile:146: all] Error 2
