[01m[K/home/adha/belajar/ws1/src/control/src/translator_node.cpp:56:23:[m[K [01;31m[Kerror: [m[Kâ€˜[01m[Kros2_socketcan_msgs[m[Kâ€™ was not declared in this scope
   56 |     rclcpp::Publisher<[01;31m[Kros2_socketcan_msgs[m[K::msg::FdFrame>::SharedPtr can_publisher_;
      |                       [01;31m[K^~~~~~~~~~~~~~~~~~~[m[K
[01m[K/home/adha/belajar/ws1/src/control/src/translator_node.cpp:56:56:[m[K [01;31m[Kerror: [m[Ktemplate argument 1 is invalid
   56 |     rclcpp::Publisher<ros2_socketcan_msgs::msg::FdFrame[01;31m[K>[m[K::SharedPtr can_publisher_;
      |                                                        [01;31m[K^[m[K
[01m[K/home/adha/belajar/ws1/src/control/src/translator_node.cpp:56:59:[m[K [01;31m[Kerror: [m[Kexpected â€˜[01m[K;[m[Kâ€™ at end of member declaration
   56 |     rclcpp::Publisher<ros2_socketcan_msgs::msg::FdFrame>::[01;31m[KSharedPtr[m[K can_publisher_;
      |                                                           [01;31m[K^~~~~~~~~[m[K
      |                                                                    [32m[K;[m[K
[01m[K/home/adha/belajar/ws1/src/control/src/translator_node.cpp:56:69:[m[K [01;31m[Kerror: [m[Kâ€˜[01m[Kcan_publisher_[m[Kâ€™ does not name a type; did you mean â€˜[01m[Krmw_publisher_t[m[Kâ€™?
   56 |     rclcpp::Publisher<ros2_socketcan_msgs::msg::FdFrame>::SharedPtr [01;31m[Kcan_publisher_[m[K;
      |                                                                     [01;31m[K^~~~~~~~~~~~~~[m[K
      |                                                                     [32m[Krmw_publisher_t[m[K
[01m[K/home/adha/belajar/ws1/src/control/src/translator_node.cpp:[m[K In constructor â€˜[01m[KVelocitySubscriber::[01;32m[KVelocitySubscriber[m[K()[m[Kâ€™:
[01m[K/home/adha/belajar/ws1/src/control/src/translator_node.cpp:18:9:[m[K [01;31m[Kerror: [m[Kâ€˜[01m[Kcan_publisher_[m[Kâ€™ was not declared in this scope; did you mean â€˜[01m[Kcount_publishers[m[Kâ€™?
   18 |         [01;31m[Kcan_publisher_[m[K = this->create_publisher<ros2_socketcan_msgs::msg::Frame>("/to_can_bus", 10);
      |         [01;31m[K^~~~~~~~~~~~~~[m[K
      |         [32m[Kcount_publishers[m[K
[01m[K/home/adha/belajar/ws1/src/control/src/translator_node.cpp:18:49:[m[K [01;31m[Kerror: [m[Kâ€˜[01m[Kros2_socketcan_msgs[m[Kâ€™ was not declared in this scope
   18 |         can_publisher_ = this->create_publisher<[01;31m[Kros2_socketcan_msgs[m[K::msg::Frame>("/to_can_bus", 10);
      |                                                 [01;31m[K^~~~~~~~~~~~~~~~~~~[m[K
[01m[K/home/adha/belajar/ws1/src/control/src/translator_node.cpp:18:32:[m[K [01;31m[Kerror: [m[Kparse error in template argument list
   18 |         can_publisher_ = this->[01;31m[Kcreate_publisher<ros2_socketcan_msgs::msg::Frame>[m[K("/to_can_bus", 10);
      |                                [01;31m[K^~~~~~~~~~~~~~~~~~~~~~~~~~~~~~~~~~~~~~~~~~~~~~~~~[m[K
[01m[K/home/adha/belajar/ws1/src/control/src/translator_node.cpp:18:81:[m[K [01;31m[Kerror: [m[Kno matching function for call to â€˜[01m[KVelocitySubscriber::create_publisher<<expression error> >(const char [12], int)[m[Kâ€™
   18 |         can_publisher_ = [01;31m[Kthis->create_publisher<ros2_socketcan_msgs::msg::Frame>("/to_can_bus", 10)[m[K;
      |                          [01;31m[K~~~~~~~~~~~~~~~~~~~~~~~~~~~~~~~~~~~~~~~~~~~~~~~~~~~~~~~^~~~~~~~~~~~~~~~~~~[m[K
In file included from [01m[K/opt/ros/jazzy/include/rclcpp/rclcpp/executors/single_threaded_executor.hpp:28[m[K,
                 from [01m[K/opt/ros/jazzy/include/rclcpp/rclcpp/executors.hpp:22[m[K,
                 from [01m[K/opt/ros/jazzy/include/rclcpp/rclcpp/rclcpp.hpp:172[m[K,
                 from [01m[K/home/adha/belajar/ws1/src/control/src/translator_node.cpp:1[m[K:
[01m[K/opt/ros/jazzy/include/rclcpp/rclcpp/node.hpp:197:3:[m[K [01;36m[Knote: [m[Kcandidate: â€˜[01m[Ktemplate<class MessageT, class AllocatorT, class PublisherT> std::shared_ptr<PublisherT> rclcpp::Node::[01;32m[Kcreate_publisher[m[K(const std::string&, const rclcpp::QoS&, const rclcpp::PublisherOptionsWithAllocator<AllocatorT>&)[m[Kâ€™
  197 |   [01;36m[Kcreate_publisher[m[K(
      |   [01;36m[K^~~~~~~~~~~~~~~~[m[K
[01m[K/opt/ros/jazzy/include/rclcpp/rclcpp/node.hpp:197:3:[m[K [01;36m[Knote: [m[K  template argument deduction/substitution failed:
[01m[K/home/adha/belajar/ws1/src/control/src/translator_node.cpp:18:81:[m[K [01;31m[Kerror: [m[Ktemplate argument 1 is invalid
   18 |         can_publisher_ = [01;31m[Kthis->create_publisher<ros2_socketcan_msgs::msg::Frame>("/to_can_bus", 10)[m[K;
      |                          [01;31m[K~~~~~~~~~~~~~~~~~~~~~~~~~~~~~~~~~~~~~~~~~~~~~~~~~~~~~~~^~~~~~~~~~~~~~~~~~~[m[K
[01m[K/home/adha/belajar/ws1/src/control/src/translator_node.cpp:[m[K In member function â€˜[01m[Kvoid VelocitySubscriber::[01;32m[Ktwist_to_pwm[m[K(double, double) const[m[Kâ€™:
[01m[K/home/adha/belajar/ws1/src/control/src/translator_node.cpp:40:24:[m[K [01;31m[Kerror: [m[Kâ€˜[01m[Kros2_socketcan_msgs[m[Kâ€™ has not been declared
   40 |         auto can_msg = [01;31m[Kros2_socketcan_msgs[m[K::msg::Frame();
      |                        [01;31m[K^~~~~~~~~~~~~~~~~~~[m[K
[01m[K/home/adha/belajar/ws1/src/control/src/translator_node.cpp:52:9:[m[K [01;31m[Kerror: [m[Kâ€˜[01m[Kcan_publisher_[m[Kâ€™ was not declared in this scope; did you mean â€˜[01m[Kcount_publishers[m[Kâ€™?
   52 |         [01;31m[Kcan_publisher_[m[K->publish(can_msg);
      |         [01;31m[K^~~~~~~~~~~~~~[m[K
      |         [32m[Kcount_publishers[m[K
gmake[2]: *** [CMakeFiles/translator_node.dir/build.make:76: CMakeFiles/translator_node.dir/src/translator_node.cpp.o] Error 1
gmake[1]: *** [CMakeFiles/Makefile2:165: CMakeFiles/translator_node.dir/all] Error 2
gmake: *** [Makefile:146: all] Error 2
