[0.014s] Invoking command in '/home/adha/belajar/ws1/build/control': CMAKE_PREFIX_PATH=/home/adha/belajar/ws1/install/ros2_socketcan:/home/adha/belajar/ws1/install/ros2_socketcan_msgs:/home/adha/belajar/ws1/install/msgs:/home/adha/belajar/ws1/install/can_msgs:/home/adha/belajar/ws1/install/control:/opt/ros/jazzy/opt/gz_math_vendor:/opt/ros/jazzy/opt/gz_utils_vendor:/opt/ros/jazzy/opt/gz_cmake_vendor:/opt/ros/jazzy DEBUGINFOD_URLS=https://debuginfod.ubuntu.com /usr/bin/cmake --build /home/adha/belajar/ws1/build/control -- -j12 -l12
[0.036s] -- Found ament_cmake: 2.5.2 (/opt/ros/jazzy/share/ament_cmake/cmake)
[0.108s] -- Found rclcpp: 28.1.4 (/opt/ros/jazzy/share/rclcpp/cmake)
[0.125s] -- Found rosidl_generator_c: 4.6.4 (/opt/ros/jazzy/share/rosidl_generator_c/cmake)
[0.130s] -- Found rosidl_generator_cpp: 4.6.4 (/opt/ros/jazzy/share/rosidl_generator_cpp/cmake)
[0.137s] -- Using all available rosidl_typesupport_c: rosidl_typesupport_fastrtps_c;rosidl_typesupport_introspection_c
[0.145s] -- Using all available rosidl_typesupport_cpp: rosidl_typesupport_fastrtps_cpp;rosidl_typesupport_introspection_cpp
[0.186s] -- Found rmw_implementation_cmake: 7.3.1 (/opt/ros/jazzy/share/rmw_implementation_cmake/cmake)
[0.187s] -- Found rmw_fastrtps_cpp: 8.4.1 (/opt/ros/jazzy/share/rmw_fastrtps_cpp/cmake)
[0.231s] -- Using RMW implementation 'rmw_fastrtps_cpp' as default
[0.274s] -- Found geometry_msgs: 5.3.5 (/opt/ros/jazzy/share/geometry_msgs/cmake)
[0.294s] -- Found msgs: 0.0.0 (/home/adha/belajar/ws1/install/msgs/share/msgs/cmake)
[0.300s] -- Found ros2_socketcan: 1.3.0 (/home/adha/belajar/ws1/install/ros2_socketcan/share/ros2_socketcan/cmake)
[0.358s] -- Found rosidl_default_generators: 1.6.0 (/opt/ros/jazzy/share/rosidl_default_generators/cmake)
[0.364s] -- Found rosidl_adapter: 4.6.4 (/opt/ros/jazzy/share/rosidl_adapter/cmake)
[0.432s] -- Configuring done (0.4s)
[0.447s] -- Generating done (0.0s)
[0.448s] -- Build files have been written to: /home/adha/belajar/ws1/build/control
[0.492s] [ 75%] Built target keyboard_input
[0.492s] [ 75%] [32mBuilding CXX object CMakeFiles/translator_node.dir/src/translator_node.cpp.o[0m
[2.108s] [01m[K/home/adha/belajar/ws1/src/control/src/translator_node.cpp:56:23:[m[K [01;31m[Kerror: [m[Kâ€˜[01m[Kros2_socketcan_msgs[m[Kâ€™ was not declared in this scope
[2.108s]    56 |     rclcpp::Publisher<[01;31m[Kros2_socketcan_msgs[m[K::msg::FdFrame>::SharedPtr can_publisher_;
[2.108s]       |                       [01;31m[K^~~~~~~~~~~~~~~~~~~[m[K
[2.108s] [01m[K/home/adha/belajar/ws1/src/control/src/translator_node.cpp:56:56:[m[K [01;31m[Kerror: [m[Ktemplate argument 1 is invalid
[2.108s]    56 |     rclcpp::Publisher<ros2_socketcan_msgs::msg::FdFrame[01;31m[K>[m[K::SharedPtr can_publisher_;
[2.108s]       |                                                        [01;31m[K^[m[K
[2.108s] [01m[K/home/adha/belajar/ws1/src/control/src/translator_node.cpp:56:59:[m[K [01;31m[Kerror: [m[Kexpected â€˜[01m[K;[m[Kâ€™ at end of member declaration
[2.108s]    56 |     rclcpp::Publisher<ros2_socketcan_msgs::msg::FdFrame>::[01;31m[KSharedPtr[m[K can_publisher_;
[2.108s]       |                                                           [01;31m[K^~~~~~~~~[m[K
[2.108s]       |                                                                    [32m[K;[m[K
[2.110s] [01m[K/home/adha/belajar/ws1/src/control/src/translator_node.cpp:56:69:[m[K [01;31m[Kerror: [m[Kâ€˜[01m[Kcan_publisher_[m[Kâ€™ does not name a type; did you mean â€˜[01m[Krmw_publisher_t[m[Kâ€™?
[2.110s]    56 |     rclcpp::Publisher<ros2_socketcan_msgs::msg::FdFrame>::SharedPtr [01;31m[Kcan_publisher_[m[K;
[2.110s]       |                                                                     [01;31m[K^~~~~~~~~~~~~~[m[K
[2.110s]       |                                                                     [32m[Krmw_publisher_t[m[K
[2.120s] [01m[K/home/adha/belajar/ws1/src/control/src/translator_node.cpp:[m[K In constructor â€˜[01m[KVelocitySubscriber::[01;32m[KVelocitySubscriber[m[K()[m[Kâ€™:
[2.120s] [01m[K/home/adha/belajar/ws1/src/control/src/translator_node.cpp:18:9:[m[K [01;31m[Kerror: [m[Kâ€˜[01m[Kcan_publisher_[m[Kâ€™ was not declared in this scope; did you mean â€˜[01m[Kcount_publishers[m[Kâ€™?
[2.120s]    18 |         [01;31m[Kcan_publisher_[m[K = this->create_publisher<ros2_socketcan_msgs::msg::Frame>("/to_can_bus", 10);
[2.120s]       |         [01;31m[K^~~~~~~~~~~~~~[m[K
[2.120s]       |         [32m[Kcount_publishers[m[K
[2.127s] [01m[K/home/adha/belajar/ws1/src/control/src/translator_node.cpp:18:49:[m[K [01;31m[Kerror: [m[Kâ€˜[01m[Kros2_socketcan_msgs[m[Kâ€™ was not declared in this scope
[2.127s]    18 |         can_publisher_ = this->create_publisher<[01;31m[Kros2_socketcan_msgs[m[K::msg::Frame>("/to_can_bus", 10);
[2.127s]       |                                                 [01;31m[K^~~~~~~~~~~~~~~~~~~[m[K
[2.127s] [01m[K/home/adha/belajar/ws1/src/control/src/translator_node.cpp:18:32:[m[K [01;31m[Kerror: [m[Kparse error in template argument list
[2.127s]    18 |         can_publisher_ = this->[01;31m[Kcreate_publisher<ros2_socketcan_msgs::msg::Frame>[m[K("/to_can_bus", 10);
[2.127s]       |                                [01;31m[K^~~~~~~~~~~~~~~~~~~~~~~~~~~~~~~~~~~~~~~~~~~~~~~~~[m[K
[2.127s] [01m[K/home/adha/belajar/ws1/src/control/src/translator_node.cpp:18:81:[m[K [01;31m[Kerror: [m[Kno matching function for call to â€˜[01m[KVelocitySubscriber::create_publisher<<expression error> >(const char [12], int)[m[Kâ€™
[2.127s]    18 |         can_publisher_ = [01;31m[Kthis->create_publisher<ros2_socketcan_msgs::msg::Frame>("/to_can_bus", 10)[m[K;
[2.128s]       |                          [01;31m[K~~~~~~~~~~~~~~~~~~~~~~~~~~~~~~~~~~~~~~~~~~~~~~~~~~~~~~~^~~~~~~~~~~~~~~~~~~[m[K
[2.128s] In file included from [01m[K/opt/ros/jazzy/include/rclcpp/rclcpp/executors/single_threaded_executor.hpp:28[m[K,
[2.128s]                  from [01m[K/opt/ros/jazzy/include/rclcpp/rclcpp/executors.hpp:22[m[K,
[2.128s]                  from [01m[K/opt/ros/jazzy/include/rclcpp/rclcpp/rclcpp.hpp:172[m[K,
[2.128s]                  from [01m[K/home/adha/belajar/ws1/src/control/src/translator_node.cpp:1[m[K:
[2.128s] [01m[K/opt/ros/jazzy/include/rclcpp/rclcpp/node.hpp:197:3:[m[K [01;36m[Knote: [m[Kcandidate: â€˜[01m[Ktemplate<class MessageT, class AllocatorT, class PublisherT> std::shared_ptr<PublisherT> rclcpp::Node::[01;32m[Kcreate_publisher[m[K(const std::string&, const rclcpp::QoS&, const rclcpp::PublisherOptionsWithAllocator<AllocatorT>&)[m[Kâ€™
[2.128s]   197 |   [01;36m[Kcreate_publisher[m[K(
[2.128s]       |   [01;36m[K^~~~~~~~~~~~~~~~[m[K
[2.128s] [01m[K/opt/ros/jazzy/include/rclcpp/rclcpp/node.hpp:197:3:[m[K [01;36m[Knote: [m[K  template argument deduction/substitution failed:
[2.128s] [01m[K/home/adha/belajar/ws1/src/control/src/translator_node.cpp:18:81:[m[K [01;31m[Kerror: [m[Ktemplate argument 1 is invalid
[2.128s]    18 |         can_publisher_ = [01;31m[Kthis->create_publisher<ros2_socketcan_msgs::msg::Frame>("/to_can_bus", 10)[m[K;
[2.128s]       |                          [01;31m[K~~~~~~~~~~~~~~~~~~~~~~~~~~~~~~~~~~~~~~~~~~~~~~~~~~~~~~~^~~~~~~~~~~~~~~~~~~[m[K
[2.129s] [01m[K/home/adha/belajar/ws1/src/control/src/translator_node.cpp:[m[K In member function â€˜[01m[Kvoid VelocitySubscriber::[01;32m[Ktwist_to_pwm[m[K(double, double) const[m[Kâ€™:
[2.129s] [01m[K/home/adha/belajar/ws1/src/control/src/translator_node.cpp:40:24:[m[K [01;31m[Kerror: [m[Kâ€˜[01m[Kros2_socketcan_msgs[m[Kâ€™ has not been declared
[2.129s]    40 |         auto can_msg = [01;31m[Kros2_socketcan_msgs[m[K::msg::Frame();
[2.129s]       |                        [01;31m[K^~~~~~~~~~~~~~~~~~~[m[K
[2.134s] [01m[K/home/adha/belajar/ws1/src/control/src/translator_node.cpp:52:9:[m[K [01;31m[Kerror: [m[Kâ€˜[01m[Kcan_publisher_[m[Kâ€™ was not declared in this scope; did you mean â€˜[01m[Kcount_publishers[m[Kâ€™?
[2.134s]    52 |         [01;31m[Kcan_publisher_[m[K->publish(can_msg);
[2.134s]       |         [01;31m[K^~~~~~~~~~~~~~[m[K
[2.134s]       |         [32m[Kcount_publishers[m[K
[3.658s] gmake[2]: *** [CMakeFiles/translator_node.dir/build.make:76: CMakeFiles/translator_node.dir/src/translator_node.cpp.o] Error 1
[3.658s] gmake[1]: *** [CMakeFiles/Makefile2:165: CMakeFiles/translator_node.dir/all] Error 2
[3.659s] gmake: *** [Makefile:146: all] Error 2
[3.661s] Invoked command in '/home/adha/belajar/ws1/build/control' returned '2': CMAKE_PREFIX_PATH=/home/adha/belajar/ws1/install/ros2_socketcan:/home/adha/belajar/ws1/install/ros2_socketcan_msgs:/home/adha/belajar/ws1/install/msgs:/home/adha/belajar/ws1/install/can_msgs:/home/adha/belajar/ws1/install/control:/opt/ros/jazzy/opt/gz_math_vendor:/opt/ros/jazzy/opt/gz_utils_vendor:/opt/ros/jazzy/opt/gz_cmake_vendor:/opt/ros/jazzy DEBUGINFOD_URLS=https://debuginfod.ubuntu.com /usr/bin/cmake --build /home/adha/belajar/ws1/build/control -- -j12 -l12
