[  2%] Built target control__rosidl_generator_type_description
[ 10%] [32mBuilding CXX object CMakeFiles/translator_node.dir/src/translator_node.cpp.o[0m
[ 10%] Built target keyboard_input
[ 10%] Built target ament_cmake_python_copy_control
[ 18%] Built target control__cpp
[ 26%] Built target control__rosidl_generator_c
[ 34%] Built target control__rosidl_typesupport_cpp
[ 57%] Built target control__rosidl_typesupport_fastrtps_cpp
[ 57%] Built target control__rosidl_typesupport_fastrtps_c
[ 57%] Built target control__rosidl_typesupport_introspection_cpp
[ 73%] Built target control__rosidl_typesupport_c
[ 73%] Built target control__rosidl_typesupport_introspection_c
[ 73%] Built target control
[ 76%] Built target control__py
[ 81%] Built target control__rosidl_generator_py
[ 86%] [32mBuilding C object CMakeFiles/control_s__rosidl_typesupport_fastrtps_c.dir/rosidl_generator_py/control/_control_s.ep.rosidl_typesupport_fastrtps_c.c.o[0m
[ 86%] [32mBuilding C object CMakeFiles/control_s__rosidl_typesupport_c.dir/rosidl_generator_py/control/_control_s.ep.rosidl_typesupport_c.c.o[0m
[ 89%] [32mBuilding C object CMakeFiles/control_s__rosidl_typesupport_introspection_c.dir/rosidl_generator_py/control/_control_s.ep.rosidl_typesupport_introspection_c.c.o[0m
running egg_info
writing control.egg-info/PKG-INFO
writing dependency_links to control.egg-info/dependency_links.txt
writing top-level names to control.egg-info/top_level.txt
[ 92%] [32m[1mLinking C shared module rosidl_generator_py/control/control_s__rosidl_typesupport_c.so[0m
[ 94%] [32m[1mLinking C shared module rosidl_generator_py/control/control_s__rosidl_typesupport_fastrtps_c.so[0m
[ 97%] [32m[1mLinking C shared module rosidl_generator_py/control/control_s__rosidl_typesupport_introspection_c.so[0m
reading manifest file 'control.egg-info/SOURCES.txt'
writing manifest file 'control.egg-info/SOURCES.txt'
[ 97%] Built target control_s__rosidl_typesupport_fastrtps_c
[ 97%] Built target control_s__rosidl_typesupport_c
[ 97%] Built target control_s__rosidl_typesupport_introspection_c
[01m[K/home/adha/belajar/ws1/src/control/src/translator_node.cpp:3:10:[m[K [01;31m[Kfatal error: [m[Kros2_socketcan/can_msgs/msg/Frame.hpp: No such file or directory
    3 | #include [01;31m[K"ros2_socketcan/can_msgs/msg/Frame.hpp"[m[K
      |          [01;31m[K^~~~~~~~~~~~~~~~~~~~~~~~~~~~~~~~~~~~~~~[m[K
compilation terminated.
gmake[2]: *** [CMakeFiles/translator_node.dir/build.make:76: CMakeFiles/translator_node.dir/src/translator_node.cpp.o] Error 1
gmake[1]: *** [CMakeFiles/Makefile2:211: CMakeFiles/translator_node.dir/all] Error 2
gmake[1]: *** Waiting for unfinished jobs....
[ 97%] Built target ament_cmake_python_build_control_egg
gmake: *** [Makefile:146: all] Error 2
