[0.011s] Invoking command in '/home/adha/belajar/ws1/build/control': CMAKE_PREFIX_PATH=/home/adha/belajar/ws1/install/msgs:/home/adha/belajar/ws1/install/ros2_socketcan:/home/adha/belajar/ws1/install/ros2_socketcan_msgs:/home/adha/belajar/ws1/install/control:/home/adha/belajar/ws1/install/can_msgs:/opt/ros/jazzy/opt/gz_math_vendor:/opt/ros/jazzy/opt/gz_utils_vendor:/opt/ros/jazzy/opt/gz_cmake_vendor:/opt/ros/jazzy DEBUGINFOD_URLS=https://debuginfod.ubuntu.com LD_LIBRARY_PATH=/home/adha/belajar/ws1/install/msgs/lib:/home/adha/belajar/ws1/install/ros2_socketcan/lib:/home/adha/belajar/ws1/install/ros2_socketcan_msgs/lib:/home/adha/belajar/ws1/install/can_msgs/lib:/opt/ros/jazzy/opt/rviz_ogre_vendor/lib:/opt/ros/jazzy/lib/x86_64-linux-gnu:/opt/ros/jazzy/opt/gz_math_vendor/lib:/opt/ros/jazzy/opt/gz_utils_vendor/lib:/opt/ros/jazzy/opt/gz_cmake_vendor/lib:/opt/ros/jazzy/lib PYTHONPATH=/home/adha/belajar/ws1/install/msgs/lib/python3.12/site-packages:/home/adha/belajar/ws1/install/ros2_socketcan_msgs/lib/python3.12/site-packages:/home/adha/belajar/ws1/install/can_msgs/lib/python3.12/site-packages:/opt/ros/jazzy/lib/python3.12/site-packages /usr/bin/cmake --build /home/adha/belajar/ws1/build/control -- -j12 -l12
[0.059s] [  2%] Built target control__rosidl_generator_type_description
[0.063s] [ 10%] [32mBuilding CXX object CMakeFiles/translator_node.dir/src/translator_node.cpp.o[0m
[0.063s] [ 10%] Built target keyboard_input
[0.068s] [ 10%] Built target ament_cmake_python_copy_control
[0.078s] [ 18%] Built target control__cpp
[0.078s] [ 26%] Built target control__rosidl_generator_c
[0.101s] [ 34%] Built target control__rosidl_typesupport_cpp
[0.107s] [ 57%] Built target control__rosidl_typesupport_fastrtps_cpp
[0.107s] [ 57%] Built target control__rosidl_typesupport_fastrtps_c
[0.107s] [ 57%] Built target control__rosidl_typesupport_introspection_cpp
[0.109s] [ 73%] Built target control__rosidl_typesupport_c
[0.109s] [ 73%] Built target control__rosidl_typesupport_introspection_c
[0.127s] [ 73%] Built target control
[0.144s] [ 76%] Built target control__py
[0.164s] [ 81%] Built target control__rosidl_generator_py
[0.187s] [ 86%] [32mBuilding C object CMakeFiles/control_s__rosidl_typesupport_fastrtps_c.dir/rosidl_generator_py/control/_control_s.ep.rosidl_typesupport_fastrtps_c.c.o[0m
[0.187s] [ 86%] [32mBuilding C object CMakeFiles/control_s__rosidl_typesupport_c.dir/rosidl_generator_py/control/_control_s.ep.rosidl_typesupport_c.c.o[0m
[0.187s] [ 89%] [32mBuilding C object CMakeFiles/control_s__rosidl_typesupport_introspection_c.dir/rosidl_generator_py/control/_control_s.ep.rosidl_typesupport_introspection_c.c.o[0m
[0.232s] running egg_info
[0.243s] writing control.egg-info/PKG-INFO
[0.243s] writing dependency_links to control.egg-info/dependency_links.txt
[0.243s] writing top-level names to control.egg-info/top_level.txt
[0.275s] [ 92%] [32m[1mLinking C shared module rosidl_generator_py/control/control_s__rosidl_typesupport_c.so[0m
[0.276s] [ 94%] [32m[1mLinking C shared module rosidl_generator_py/control/control_s__rosidl_typesupport_fastrtps_c.so[0m
[0.276s] [ 97%] [32m[1mLinking C shared module rosidl_generator_py/control/control_s__rosidl_typesupport_introspection_c.so[0m
[0.281s] reading manifest file 'control.egg-info/SOURCES.txt'
[0.281s] writing manifest file 'control.egg-info/SOURCES.txt'
[0.302s] [ 97%] Built target control_s__rosidl_typesupport_fastrtps_c
[0.302s] [ 97%] Built target control_s__rosidl_typesupport_c
[0.302s] [ 97%] Built target control_s__rosidl_typesupport_introspection_c
[0.305s] [01m[K/home/adha/belajar/ws1/src/control/src/translator_node.cpp:3:10:[m[K [01;31m[Kfatal error: [m[Kros2_socketcan/can_msgs/msg/Frame.hpp: No such file or directory
[0.305s]     3 | #include [01;31m[K"ros2_socketcan/can_msgs/msg/Frame.hpp"[m[K
[0.305s]       |          [01;31m[K^~~~~~~~~~~~~~~~~~~~~~~~~~~~~~~~~~~~~~~[m[K
[0.305s] compilation terminated.
[0.308s] gmake[2]: *** [CMakeFiles/translator_node.dir/build.make:76: CMakeFiles/translator_node.dir/src/translator_node.cpp.o] Error 1
[0.309s] gmake[1]: *** [CMakeFiles/Makefile2:211: CMakeFiles/translator_node.dir/all] Error 2
[0.309s] gmake[1]: *** Waiting for unfinished jobs....
[0.312s] [ 97%] Built target ament_cmake_python_build_control_egg
[0.314s] gmake: *** [Makefile:146: all] Error 2
[0.315s] Invoked command in '/home/adha/belajar/ws1/build/control' returned '2': CMAKE_PREFIX_PATH=/home/adha/belajar/ws1/install/msgs:/home/adha/belajar/ws1/install/ros2_socketcan:/home/adha/belajar/ws1/install/ros2_socketcan_msgs:/home/adha/belajar/ws1/install/control:/home/adha/belajar/ws1/install/can_msgs:/opt/ros/jazzy/opt/gz_math_vendor:/opt/ros/jazzy/opt/gz_utils_vendor:/opt/ros/jazzy/opt/gz_cmake_vendor:/opt/ros/jazzy DEBUGINFOD_URLS=https://debuginfod.ubuntu.com LD_LIBRARY_PATH=/home/adha/belajar/ws1/install/msgs/lib:/home/adha/belajar/ws1/install/ros2_socketcan/lib:/home/adha/belajar/ws1/install/ros2_socketcan_msgs/lib:/home/adha/belajar/ws1/install/can_msgs/lib:/opt/ros/jazzy/opt/rviz_ogre_vendor/lib:/opt/ros/jazzy/lib/x86_64-linux-gnu:/opt/ros/jazzy/opt/gz_math_vendor/lib:/opt/ros/jazzy/opt/gz_utils_vendor/lib:/opt/ros/jazzy/opt/gz_cmake_vendor/lib:/opt/ros/jazzy/lib PYTHONPATH=/home/adha/belajar/ws1/install/msgs/lib/python3.12/site-packages:/home/adha/belajar/ws1/install/ros2_socketcan_msgs/lib/python3.12/site-packages:/home/adha/belajar/ws1/install/can_msgs/lib/python3.12/site-packages:/opt/ros/jazzy/lib/python3.12/site-packages /usr/bin/cmake --build /home/adha/belajar/ws1/build/control -- -j12 -l12
