[0.017s] Invoking command in '/home/adha/belajar/ws1/build/control': CMAKE_PREFIX_PATH=/home/adha/belajar/ws1/install/ros2_socketcan:/home/adha/belajar/ws1/install/ros2_socketcan_msgs:/home/adha/belajar/ws1/install/msgs:/home/adha/belajar/ws1/install/can_msgs:/home/adha/belajar/ws1/install/control:/opt/ros/jazzy/opt/gz_math_vendor:/opt/ros/jazzy/opt/gz_utils_vendor:/opt/ros/jazzy/opt/gz_cmake_vendor DEBUGINFOD_URLS=https://debuginfod.ubuntu.com /usr/bin/cmake --build /home/adha/belajar/ws1/build/control -- -j12 -l12
[0.038s] -- Found ament_cmake: 2.5.2 (/opt/ros/jazzy/share/ament_cmake/cmake)
[0.057s] -- Found Python3: /usr/bin/python3 (found version "3.12.3") found components: Interpreter 
[0.109s] -- Found rclcpp: 28.1.4 (/opt/ros/jazzy/share/rclcpp/cmake)
[0.126s] -- Found rosidl_generator_c: 4.6.4 (/opt/ros/jazzy/share/rosidl_generator_c/cmake)
[0.131s] -- Found rosidl_generator_cpp: 4.6.4 (/opt/ros/jazzy/share/rosidl_generator_cpp/cmake)
[0.138s] -- Using all available rosidl_typesupport_c: rosidl_typesupport_fastrtps_c;rosidl_typesupport_introspection_c
[0.146s] -- Using all available rosidl_typesupport_cpp: rosidl_typesupport_fastrtps_cpp;rosidl_typesupport_introspection_cpp
[0.186s] -- Found rmw_implementation_cmake: 7.3.1 (/opt/ros/jazzy/share/rmw_implementation_cmake/cmake)
[0.187s] -- Found rmw_fastrtps_cpp: 8.4.1 (/opt/ros/jazzy/share/rmw_fastrtps_cpp/cmake)
[0.229s] -- Using RMW implementation 'rmw_fastrtps_cpp' as default
[0.272s] -- Found geometry_msgs: 5.3.5 (/opt/ros/jazzy/share/geometry_msgs/cmake)
[0.291s] -- Found msgs: 0.0.0 (/home/adha/belajar/ws1/install/msgs/share/msgs/cmake)
[0.297s] -- Found ros2_socketcan: 1.3.0 (/home/adha/belajar/ws1/install/ros2_socketcan/share/ros2_socketcan/cmake)
[0.357s] -- Found rosidl_default_generators: 1.6.0 (/opt/ros/jazzy/share/rosidl_default_generators/cmake)
[0.362s] -- Found rosidl_adapter: 4.6.4 (/opt/ros/jazzy/share/rosidl_adapter/cmake)
[0.482s] Error parsing '/home/adha/belajar/ws1/src/control/package.xml':
[2.202s] Traceback (most recent call last):
[2.202s]   File "/usr/lib/python3/dist-packages/catkin_pkg/package.py", line 610, in parse_package_string
[2.202s]     root = dom.parseString(data)
[2.202s]            ^^^^^^^^^^^^^^^^^^^^^
[2.202s]   File "/usr/lib/python3.12/xml/dom/minidom.py", line 2000, in parseString
[2.203s]     return expatbuilder.parseString(string)
[2.203s]            ^^^^^^^^^^^^^^^^^^^^^^^^^^^^^^^^
[2.203s]   File "/usr/lib/python3.12/xml/dom/expatbuilder.py", line 922, in parseString
[2.203s]     return builder.parseString(string)
[2.203s]            ^^^^^^^^^^^^^^^^^^^^^^^^^^^
[2.204s]   File "/usr/lib/python3.12/xml/dom/expatbuilder.py", line 220, in parseString
[2.204s]     parser.Parse(string, True)
[2.204s] xml.parsers.expat.ExpatError: mismatched tag: line 23, column 2
[2.204s] 
[2.204s] During handling of the above exception, another exception occurred:
[2.204s] 
[2.204s] Traceback (most recent call last):
[2.204s]   File "/opt/ros/jazzy/share/ament_cmake_core/cmake/core/package_xml_2_cmake.py", line 150, in <module>
[2.204s]     main()
[2.204s]   File "/opt/ros/jazzy/share/ament_cmake_core/cmake/core/package_xml_2_cmake.py", line 53, in main
[2.205s]     raise e
[2.205s]   File "/opt/ros/jazzy/share/ament_cmake_core/cmake/core/package_xml_2_cmake.py", line 49, in main
[2.205s]     package = parse_package_string(
[2.205s]               ^^^^^^^^^^^^^^^^^^^^^
[2.205s]   File "/usr/lib/python3/dist-packages/catkin_pkg/package.py", line 612, in parse_package_string
[2.205s]     raise InvalidPackage('The manifest contains invalid XML:\n%s' % ex, filename)
[2.205s] catkin_pkg.package.InvalidPackage: Error(s) in package '/home/adha/belajar/ws1/src/control/package.xml':
[2.205s] The manifest contains invalid XML:
[2.205s] mismatched tag: line 23, column 2
[2.271s] [31mCMake Error at /opt/ros/jazzy/share/ament_cmake_core/cmake/core/ament_package_xml.cmake:95 (message):
[2.271s]   execute_process(/usr/bin/python3
[2.272s]   /opt/ros/jazzy/share/ament_cmake_core/cmake/core/package_xml_2_cmake.py
[2.272s]   /home/adha/belajar/ws1/src/control/package.xml
[2.272s]   /home/adha/belajar/ws1/build/control/ament_cmake_core/package.cmake)
[2.272s]   returned error code 1
[2.272s] Call Stack (most recent call first):
[2.272s]   /opt/ros/jazzy/share/ament_cmake_core/cmake/core/ament_package_xml.cmake:49 (_ament_package_xml)
[2.272s]   /opt/ros/jazzy/share/rosidl_cmake/cmake/rosidl_generate_interfaces.cmake:220 (ament_package_xml)
[2.272s]   CMakeLists.txt:31 (rosidl_generate_interfaces)
[2.272s] 
[2.273s] [0m
[2.273s] -- Configuring incomplete, errors occurred!
[2.282s] gmake: *** [Makefile:897: cmake_check_build_system] Error 1
[2.286s] Invoked command in '/home/adha/belajar/ws1/build/control' returned '2': CMAKE_PREFIX_PATH=/home/adha/belajar/ws1/install/ros2_socketcan:/home/adha/belajar/ws1/install/ros2_socketcan_msgs:/home/adha/belajar/ws1/install/msgs:/home/adha/belajar/ws1/install/can_msgs:/home/adha/belajar/ws1/install/control:/opt/ros/jazzy/opt/gz_math_vendor:/opt/ros/jazzy/opt/gz_utils_vendor:/opt/ros/jazzy/opt/gz_cmake_vendor DEBUGINFOD_URLS=https://debuginfod.ubuntu.com /usr/bin/cmake --build /home/adha/belajar/ws1/build/control -- -j12 -l12
