[0.044s] Invoking command in '/home/alyazahrarr/tubesss/tubes_dagoz/build/control': AMENT_PREFIX_PATH=/home/alyazahrarr/tubesss/tubes_dagoz/install/ros2_socketcan:/home/alyazahrarr/tubesss/tubes_dagoz/install/ros2_socketcan_msgs:/home/alyazahrarr/tubesss/tubes_dagoz/install/msgs:/home/alyazahrarr/tubesss/tubes_dagoz/install/can_msgs:${AMENT_PREFIX_PATH} CMAKE_PREFIX_PATH=/home/alyazahrarr/tubesss/tubes_dagoz/install/ros2_socketcan:/home/alyazahrarr/tubesss/tubes_dagoz/install/ros2_socketcan_msgs:/home/alyazahrarr/tubesss/tubes_dagoz/install/msgs:/home/alyazahrarr/tubesss/tubes_dagoz/install/can_msgs:/home/alyazahrarr/ros2_ws/install/my_package:/home/alyazahrarr/ros2_ws/install/examples_rclcpp_wait_set:/home/alyazahrarr/ros2_ws/install/examples_rclcpp_multithreaded_executor:/home/alyazahrarr/ros2_ws/install/examples_rclcpp_minimal_timer:/home/alyazahrarr/ros2_ws/install/examples_rclcpp_minimal_subscriber:/home/alyazahrarr/ros2_ws/install/examples_rclcpp_minimal_service:/home/alyazahrarr/ros2_ws/install/examples_rclcpp_minimal_publisher:/home/alyazahrarr/ros2_ws/install/examples_rclcpp_minimal_composition:/home/alyazahrarr/ros2_ws/install/examples_rclcpp_minimal_client:/home/alyazahrarr/ros2_ws/install/examples_rclcpp_minimal_action_server:/home/alyazahrarr/ros2_ws/install/examples_rclcpp_minimal_action_client:/home/alyazahrarr/ros2_ws/install/examples_rclcpp_cbg_executor:/home/alyazahrarr/ros2_ws/install/examples_rclcpp_async_client:/opt/ros/jazzy/opt/gz_math_vendor:/opt/ros/jazzy/opt/gz_utils_vendor:/opt/ros/jazzy/opt/gz_cmake_vendor:/home/alyazahrarr/ros2_ws/install/launch_testing_examples:/home/alyazahrarr/ros2_ws/install/examples_rclpy_pointcloud_publisher:/home/alyazahrarr/ros2_ws/install/examples_rclpy_minimal_subscriber:/home/alyazahrarr/ros2_ws/install/examples_rclpy_minimal_service:/home/alyazahrarr/ros2_ws/install/examples_rclpy_minimal_publisher:/home/alyazahrarr/ros2_ws/install/examples_rclpy_minimal_client:/home/alyazahrarr/ros2_ws/install/examples_rclpy_minimal_action_server:/home/alyazahrarr/ros2_ws/install/examples_rclpy_minimal_action_client:/home/alyazahrarr/ros2_ws/install/examples_rclpy_guard_conditions:/home/alyazahrarr/ros2_ws/install/examples_rclpy_executors:/opt/ros/jazzy DEBUGINFOD_URLS=https://debuginfod.ubuntu.com LD_LIBRARY_PATH=/home/alyazahrarr/tubesss/tubes_dagoz/install/ros2_socketcan/lib:/home/alyazahrarr/tubesss/tubes_dagoz/install/ros2_socketcan_msgs/lib:/home/alyazahrarr/tubesss/tubes_dagoz/install/msgs/lib:/home/alyazahrarr/tubesss/tubes_dagoz/install/can_msgs/lib:${LD_LIBRARY_PATH} PYTHONPATH=/home/alyazahrarr/tubesss/tubes_dagoz/install/ros2_socketcan_msgs/lib/python3.12/site-packages:/home/alyazahrarr/tubesss/tubes_dagoz/install/msgs/lib/python3.12/site-packages:/home/alyazahrarr/tubesss/tubes_dagoz/install/can_msgs/lib/python3.12/site-packages:${PYTHONPATH} /usr/bin/cmake --build /home/alyazahrarr/tubesss/tubes_dagoz/build/control -- -j8 -l8
[0.172s] [ 66%] Built target translator_locomotion
[0.172s] [ 66%] Built target translator_expanding
[0.182s] [ 83%] [32mBuilding CXX object CMakeFiles/keyboard_input.dir/src/keyboard_input.cpp.o[0m
[5.552s] [01m[K/home/alyazahrarr/tubesss/tubes_dagoz/src/control/src/keyboard_input.cpp:[m[K In function â€˜[01m[Kint[01;32m[K main[m[K(int, char**)[m[Kâ€™:
[5.552s] [01m[K/home/alyazahrarr/tubesss/tubes_dagoz/src/control/src/keyboard_input.cpp:162:15:[m[K [01;31m[Kerror: [m[Kâ€˜[01m[Kusing std::__shared_ptr_access<KeyboardInputNode, __gnu_cxx::_S_atomic, false, false>::element_type = class KeyboardInputNode[m[Kâ€™ {aka â€˜[01m[Kclass KeyboardInputNode[m[Kâ€™} has no member named â€˜[01m[Kprocess_input[m[Kâ€™
[5.552s]   162 |         node->[01;31m[Kprocess_input[m[K();
[5.552s]       |               [01;31m[K^~~~~~~~~~~~~[m[K
[8.416s] gmake[2]: *** [CMakeFiles/keyboard_input.dir/build.make:76: CMakeFiles/keyboard_input.dir/src/keyboard_input.cpp.o] Error 1
[8.417s] gmake[1]: *** [CMakeFiles/Makefile2:141: CMakeFiles/keyboard_input.dir/all] Error 2
[8.417s] gmake: *** [Makefile:146: all] Error 2
[8.421s] Invoked command in '/home/alyazahrarr/tubesss/tubes_dagoz/build/control' returned '2': AMENT_PREFIX_PATH=/home/alyazahrarr/tubesss/tubes_dagoz/install/ros2_socketcan:/home/alyazahrarr/tubesss/tubes_dagoz/install/ros2_socketcan_msgs:/home/alyazahrarr/tubesss/tubes_dagoz/install/msgs:/home/alyazahrarr/tubesss/tubes_dagoz/install/can_msgs:${AMENT_PREFIX_PATH} CMAKE_PREFIX_PATH=/home/alyazahrarr/tubesss/tubes_dagoz/install/ros2_socketcan:/home/alyazahrarr/tubesss/tubes_dagoz/install/ros2_socketcan_msgs:/home/alyazahrarr/tubesss/tubes_dagoz/install/msgs:/home/alyazahrarr/tubesss/tubes_dagoz/install/can_msgs:/home/alyazahrarr/ros2_ws/install/my_package:/home/alyazahrarr/ros2_ws/install/examples_rclcpp_wait_set:/home/alyazahrarr/ros2_ws/install/examples_rclcpp_multithreaded_executor:/home/alyazahrarr/ros2_ws/install/examples_rclcpp_minimal_timer:/home/alyazahrarr/ros2_ws/install/examples_rclcpp_minimal_subscriber:/home/alyazahrarr/ros2_ws/install/examples_rclcpp_minimal_service:/home/alyazahrarr/ros2_ws/install/examples_rclcpp_minimal_publisher:/home/alyazahrarr/ros2_ws/install/examples_rclcpp_minimal_composition:/home/alyazahrarr/ros2_ws/install/examples_rclcpp_minimal_client:/home/alyazahrarr/ros2_ws/install/examples_rclcpp_minimal_action_server:/home/alyazahrarr/ros2_ws/install/examples_rclcpp_minimal_action_client:/home/alyazahrarr/ros2_ws/install/examples_rclcpp_cbg_executor:/home/alyazahrarr/ros2_ws/install/examples_rclcpp_async_client:/opt/ros/jazzy/opt/gz_math_vendor:/opt/ros/jazzy/opt/gz_utils_vendor:/opt/ros/jazzy/opt/gz_cmake_vendor:/home/alyazahrarr/ros2_ws/install/launch_testing_examples:/home/alyazahrarr/ros2_ws/install/examples_rclpy_pointcloud_publisher:/home/alyazahrarr/ros2_ws/install/examples_rclpy_minimal_subscriber:/home/alyazahrarr/ros2_ws/install/examples_rclpy_minimal_service:/home/alyazahrarr/ros2_ws/install/examples_rclpy_minimal_publisher:/home/alyazahrarr/ros2_ws/install/examples_rclpy_minimal_client:/home/alyazahrarr/ros2_ws/install/examples_rclpy_minimal_action_server:/home/alyazahrarr/ros2_ws/install/examples_rclpy_minimal_action_client:/home/alyazahrarr/ros2_ws/install/examples_rclpy_guard_conditions:/home/alyazahrarr/ros2_ws/install/examples_rclpy_executors:/opt/ros/jazzy DEBUGINFOD_URLS=https://debuginfod.ubuntu.com LD_LIBRARY_PATH=/home/alyazahrarr/tubesss/tubes_dagoz/install/ros2_socketcan/lib:/home/alyazahrarr/tubesss/tubes_dagoz/install/ros2_socketcan_msgs/lib:/home/alyazahrarr/tubesss/tubes_dagoz/install/msgs/lib:/home/alyazahrarr/tubesss/tubes_dagoz/install/can_msgs/lib:${LD_LIBRARY_PATH} PYTHONPATH=/home/alyazahrarr/tubesss/tubes_dagoz/install/ros2_socketcan_msgs/lib/python3.12/site-packages:/home/alyazahrarr/tubesss/tubes_dagoz/install/msgs/lib/python3.12/site-packages:/home/alyazahrarr/tubesss/tubes_dagoz/install/can_msgs/lib/python3.12/site-packages:${PYTHONPATH} /usr/bin/cmake --build /home/alyazahrarr/tubesss/tubes_dagoz/build/control -- -j8 -l8
