[ 50%] Built target keyboard_input
[ 75%] [32mBuilding CXX object CMakeFiles/translator_node.dir/src/translator_node.cpp.o[0m
[01m[K/home/adha/belajar/ws1/src/control/src/translator_node.cpp:56:38:[m[K [01;31m[Kerror: [m[Kâ€˜[01m[KFdFrame[m[Kâ€™ is not a member of â€˜[01m[Kcan_msgs::msg[m[Kâ€™; did you mean â€˜[01m[KFrame[m[Kâ€™?
   56 |     rclcpp::Publisher<can_msgs::msg::[01;31m[KFdFrame[m[K>::SharedPtr can_publisher_;
      |                                      [01;31m[K^~~~~~~[m[K
      |                                      [32m[KFrame[m[K
[01m[K/home/adha/belajar/ws1/src/control/src/translator_node.cpp:56:45:[m[K [01;31m[Kerror: [m[Ktemplate argument 1 is invalid
   56 |     rclcpp::Publisher<can_msgs::msg::FdFrame[01;31m[K>[m[K::SharedPtr can_publisher_;
      |                                             [01;31m[K^[m[K
[01m[K/home/adha/belajar/ws1/src/control/src/translator_node.cpp:56:48:[m[K [01;31m[Kerror: [m[Kexpected â€˜[01m[K;[m[Kâ€™ at end of member declaration
   56 |     rclcpp::Publisher<can_msgs::msg::FdFrame>::[01;31m[KSharedPtr[m[K can_publisher_;
      |                                                [01;31m[K^~~~~~~~~[m[K
      |                                                         [32m[K;[m[K
[01m[K/home/adha/belajar/ws1/src/control/src/translator_node.cpp:56:58:[m[K [01;31m[Kerror: [m[Kâ€˜[01m[Kcan_publisher_[m[Kâ€™ does not name a type; did you mean â€˜[01m[Krmw_publisher_t[m[Kâ€™?
   56 |     rclcpp::Publisher<can_msgs::msg::FdFrame>::SharedPtr [01;31m[Kcan_publisher_[m[K;
      |                                                          [01;31m[K^~~~~~~~~~~~~~[m[K
      |                                                          [32m[Krmw_publisher_t[m[K
[01m[K/home/adha/belajar/ws1/src/control/src/translator_node.cpp:[m[K In constructor â€˜[01m[KVelocitySubscriber::[01;32m[KVelocitySubscriber[m[K()[m[Kâ€™:
[01m[K/home/adha/belajar/ws1/src/control/src/translator_node.cpp:18:9:[m[K [01;31m[Kerror: [m[Kâ€˜[01m[Kcan_publisher_[m[Kâ€™ was not declared in this scope; did you mean â€˜[01m[Kcount_publishers[m[Kâ€™?
   18 |         [01;31m[Kcan_publisher_[m[K = this->create_publisher<can_msgs::msg::Frame>("/to_can_bus", 10);
      |         [01;31m[K^~~~~~~~~~~~~~[m[K
      |         [32m[Kcount_publishers[m[K
[01m[K/home/adha/belajar/ws1/src/control/src/translator_node.cpp:[m[K In member function â€˜[01m[Kvoid VelocitySubscriber::[01;32m[Ktwist_to_pwm[m[K(double, double) const[m[Kâ€™:
[01m[K/home/adha/belajar/ws1/src/control/src/translator_node.cpp:42:17:[m[K [01;31m[Kerror: [m[Kâ€˜[01m[Kstruct can_msgs::msg::Frame_<std::allocator<void> >[m[Kâ€™ has no member named â€˜[01m[Klen[m[Kâ€™
   42 |         can_msg.[01;31m[Klen[m[K = 8;
      |                 [01;31m[K^~~[m[K
[01m[K/home/adha/belajar/ws1/src/control/src/translator_node.cpp:52:9:[m[K [01;31m[Kerror: [m[Kâ€˜[01m[Kcan_publisher_[m[Kâ€™ was not declared in this scope; did you mean â€˜[01m[Kcount_publishers[m[Kâ€™?
   52 |         [01;31m[Kcan_publisher_[m[K->publish(can_msg);
      |         [01;31m[K^~~~~~~~~~~~~~[m[K
      |         [32m[Kcount_publishers[m[K
gmake[2]: *** [CMakeFiles/translator_node.dir/build.make:76: CMakeFiles/translator_node.dir/src/translator_node.cpp.o] Error 1
gmake[1]: *** [CMakeFiles/Makefile2:165: CMakeFiles/translator_node.dir/all] Error 2
gmake: *** [Makefile:146: all] Error 2
