[0.013s] Invoking command in '/home/adha/belajar/ws1/build/control': CMAKE_PREFIX_PATH=/home/adha/belajar/ws1/install/ros2_socketcan:/home/adha/belajar/ws1/install/ros2_socketcan_msgs:/home/adha/belajar/ws1/install/msgs:/home/adha/belajar/ws1/install/can_msgs:/home/adha/belajar/ws1/install/control:/opt/ros/jazzy/opt/gz_math_vendor:/opt/ros/jazzy/opt/gz_utils_vendor:/opt/ros/jazzy/opt/gz_cmake_vendor:/opt/ros/jazzy DEBUGINFOD_URLS=https://debuginfod.ubuntu.com /usr/bin/cmake --build /home/adha/belajar/ws1/build/control -- -j12 -l12
[0.062s] [ 50%] Built target keyboard_input
[0.066s] [ 75%] [32mBuilding CXX object CMakeFiles/translator_node.dir/src/translator_node.cpp.o[0m
[1.762s] [01m[K/home/adha/belajar/ws1/src/control/src/translator_node.cpp:56:38:[m[K [01;31m[Kerror: [m[Kâ€˜[01m[KFdFrame[m[Kâ€™ is not a member of â€˜[01m[Kcan_msgs::msg[m[Kâ€™; did you mean â€˜[01m[KFrame[m[Kâ€™?
[1.762s]    56 |     rclcpp::Publisher<can_msgs::msg::[01;31m[KFdFrame[m[K>::SharedPtr can_publisher_;
[1.762s]       |                                      [01;31m[K^~~~~~~[m[K
[1.762s]       |                                      [32m[KFrame[m[K
[1.762s] [01m[K/home/adha/belajar/ws1/src/control/src/translator_node.cpp:56:45:[m[K [01;31m[Kerror: [m[Ktemplate argument 1 is invalid
[1.762s]    56 |     rclcpp::Publisher<can_msgs::msg::FdFrame[01;31m[K>[m[K::SharedPtr can_publisher_;
[1.763s]       |                                             [01;31m[K^[m[K
[1.763s] [01m[K/home/adha/belajar/ws1/src/control/src/translator_node.cpp:56:48:[m[K [01;31m[Kerror: [m[Kexpected â€˜[01m[K;[m[Kâ€™ at end of member declaration
[1.763s]    56 |     rclcpp::Publisher<can_msgs::msg::FdFrame>::[01;31m[KSharedPtr[m[K can_publisher_;
[1.763s]       |                                                [01;31m[K^~~~~~~~~[m[K
[1.763s]       |                                                         [32m[K;[m[K
[1.763s] [01m[K/home/adha/belajar/ws1/src/control/src/translator_node.cpp:56:58:[m[K [01;31m[Kerror: [m[Kâ€˜[01m[Kcan_publisher_[m[Kâ€™ does not name a type; did you mean â€˜[01m[Krmw_publisher_t[m[Kâ€™?
[1.764s]    56 |     rclcpp::Publisher<can_msgs::msg::FdFrame>::SharedPtr [01;31m[Kcan_publisher_[m[K;
[1.764s]       |                                                          [01;31m[K^~~~~~~~~~~~~~[m[K
[1.764s]       |                                                          [32m[Krmw_publisher_t[m[K
[1.774s] [01m[K/home/adha/belajar/ws1/src/control/src/translator_node.cpp:[m[K In constructor â€˜[01m[KVelocitySubscriber::[01;32m[KVelocitySubscriber[m[K()[m[Kâ€™:
[1.775s] [01m[K/home/adha/belajar/ws1/src/control/src/translator_node.cpp:18:9:[m[K [01;31m[Kerror: [m[Kâ€˜[01m[Kcan_publisher_[m[Kâ€™ was not declared in this scope; did you mean â€˜[01m[Kcount_publishers[m[Kâ€™?
[1.775s]    18 |         [01;31m[Kcan_publisher_[m[K = this->create_publisher<can_msgs::msg::Frame>("/to_can_bus", 10);
[1.775s]       |         [01;31m[K^~~~~~~~~~~~~~[m[K
[1.775s]       |         [32m[Kcount_publishers[m[K
[1.780s] [01m[K/home/adha/belajar/ws1/src/control/src/translator_node.cpp:[m[K In member function â€˜[01m[Kvoid VelocitySubscriber::[01;32m[Ktwist_to_pwm[m[K(double, double) const[m[Kâ€™:
[1.780s] [01m[K/home/adha/belajar/ws1/src/control/src/translator_node.cpp:42:17:[m[K [01;31m[Kerror: [m[Kâ€˜[01m[Kstruct can_msgs::msg::Frame_<std::allocator<void> >[m[Kâ€™ has no member named â€˜[01m[Klen[m[Kâ€™
[1.780s]    42 |         can_msg.[01;31m[Klen[m[K = 8;
[1.780s]       |                 [01;31m[K^~~[m[K
[1.785s] [01m[K/home/adha/belajar/ws1/src/control/src/translator_node.cpp:52:9:[m[K [01;31m[Kerror: [m[Kâ€˜[01m[Kcan_publisher_[m[Kâ€™ was not declared in this scope; did you mean â€˜[01m[Kcount_publishers[m[Kâ€™?
[1.786s]    52 |         [01;31m[Kcan_publisher_[m[K->publish(can_msg);
[1.786s]       |         [01;31m[K^~~~~~~~~~~~~~[m[K
[1.786s]       |         [32m[Kcount_publishers[m[K
[3.548s] gmake[2]: *** [CMakeFiles/translator_node.dir/build.make:76: CMakeFiles/translator_node.dir/src/translator_node.cpp.o] Error 1
[3.549s] gmake[1]: *** [CMakeFiles/Makefile2:165: CMakeFiles/translator_node.dir/all] Error 2
[3.549s] gmake: *** [Makefile:146: all] Error 2
[3.551s] Invoked command in '/home/adha/belajar/ws1/build/control' returned '2': CMAKE_PREFIX_PATH=/home/adha/belajar/ws1/install/ros2_socketcan:/home/adha/belajar/ws1/install/ros2_socketcan_msgs:/home/adha/belajar/ws1/install/msgs:/home/adha/belajar/ws1/install/can_msgs:/home/adha/belajar/ws1/install/control:/opt/ros/jazzy/opt/gz_math_vendor:/opt/ros/jazzy/opt/gz_utils_vendor:/opt/ros/jazzy/opt/gz_cmake_vendor:/opt/ros/jazzy DEBUGINFOD_URLS=https://debuginfod.ubuntu.com /usr/bin/cmake --build /home/adha/belajar/ws1/build/control -- -j12 -l12
