[01m[K/home/adha/belajar/ws1/src/control/src/translator_node.cpp:[m[K In member function â€˜[01m[Kvoid VelocitySubscriber::[01;32m[Ktwist_to_pwm[m[K(double, double) const[m[Kâ€™:
[01m[K/home/adha/belajar/ws1/src/control/src/translator_node.cpp:40:24:[m[K [01;31m[Kerror: [m[Kâ€˜[01m[Ksocketcan_msgs[m[Kâ€™ has not been declared
   40 |         auto can_msg = [01;31m[Ksocketcan_msgs[m[K::msg::CanMsg();
      |                        [01;31m[K^~~~~~~~~~~~~~[m[K
[01m[K/home/adha/belajar/ws1/src/control/src/translator_node.cpp:35:15:[m[K [01;35m[Kwarning: [m[Kunused variable â€˜[01m[Kvel_motor1[m[Kâ€™ [[01;35m[K]8;;https://gcc.gnu.org/onlinedocs/gcc/Warning-Options.html#index-Wunused-variable-Wunused-variable]8;;[m[K]
   35 |         float [01;35m[Kvel_motor1[m[K = 2;
      |               [01;35m[K^~~~~~~~~~[m[K
[01m[K/home/adha/belajar/ws1/src/control/src/translator_node.cpp:36:15:[m[K [01;35m[Kwarning: [m[Kunused variable â€˜[01m[Kvel_motor2[m[Kâ€™ [[01;35m[K]8;;https://gcc.gnu.org/onlinedocs/gcc/Warning-Options.html#index-Wunused-variable-Wunused-variable]8;;[m[K]
   36 |         float [01;35m[Kvel_motor2[m[K = 2;
      |               [01;35m[K^~~~~~~~~~[m[K
[01m[K/home/adha/belajar/ws1/src/control/src/translator_node.cpp:37:15:[m[K [01;35m[Kwarning: [m[Kunused variable â€˜[01m[Kvel_motor3[m[Kâ€™ [[01;35m[K]8;;https://gcc.gnu.org/onlinedocs/gcc/Warning-Options.html#index-Wunused-variable-Wunused-variable]8;;[m[K]
   37 |         float [01;35m[Kvel_motor3[m[K = 2;
      |               [01;35m[K^~~~~~~~~~[m[K
[01m[K/home/adha/belajar/ws1/src/control/src/translator_node.cpp:38:15:[m[K [01;35m[Kwarning: [m[Kunused variable â€˜[01m[Kvel_motor4[m[Kâ€™ [[01;35m[K]8;;https://gcc.gnu.org/onlinedocs/gcc/Warning-Options.html#index-Wunused-variable-Wunused-variable]8;;[m[K]
   38 |         float [01;35m[Kvel_motor4[m[K = 2;
      |               [01;35m[K^~~~~~~~~~[m[K
gmake[2]: *** [CMakeFiles/translator_node.dir/build.make:76: CMakeFiles/translator_node.dir/src/translator_node.cpp.o] Error 1
gmake[1]: *** [CMakeFiles/Makefile2:165: CMakeFiles/translator_node.dir/all] Error 2
gmake: *** [Makefile:146: all] Error 2
