-- Found ament_cmake: 2.5.2 (/opt/ros/jazzy/share/ament_cmake/cmake)
-- Found rclcpp: 28.1.4 (/opt/ros/jazzy/share/rclcpp/cmake)
-- Found rosidl_generator_c: 4.6.4 (/opt/ros/jazzy/share/rosidl_generator_c/cmake)
-- Found rosidl_generator_cpp: 4.6.4 (/opt/ros/jazzy/share/rosidl_generator_cpp/cmake)
-- Using all available rosidl_typesupport_c: rosidl_typesupport_fastrtps_c;rosidl_typesupport_introspection_c
-- Using all available rosidl_typesupport_cpp: rosidl_typesupport_fastrtps_cpp;rosidl_typesupport_introspection_cpp
-- Found rmw_implementation_cmake: 7.3.1 (/opt/ros/jazzy/share/rmw_implementation_cmake/cmake)
-- Found rmw_fastrtps_cpp: 8.4.1 (/opt/ros/jazzy/share/rmw_fastrtps_cpp/cmake)
-- Using RMW implementation 'rmw_fastrtps_cpp' as default
-- Found geometry_msgs: 5.3.5 (/opt/ros/jazzy/share/geometry_msgs/cmake)
-- Found msgs: 0.0.0 (/home/adha/belajar/ws1/install/msgs/share/msgs/cmake)
-- Configuring done (1.5s)
-- Generating done (0.0s)
-- Build files have been written to: /home/adha/belajar/ws1/build/control
[ 50%] [32mBuilding CXX object CMakeFiles/keyboard_input.dir/src/keyboard_input.cpp.o[0m
[ 50%] [32mBuilding CXX object CMakeFiles/translator_node.dir/src/translator_node.cpp.o[0m
In file included from [01m[K/opt/ros/jazzy/include/rclcpp/rclcpp/copy_all_parameter_values.hpp:27[m[K,
                 from [01m[K/opt/ros/jazzy/include/rclcpp/rclcpp/rclcpp.hpp:171[m[K,
                 from [01m[K/home/adha/belajar/ws1/src/control/src/translator_node.cpp:1[m[K:
[01m[K/home/adha/belajar/ws1/src/control/src/translator_node.cpp:[m[K In member function â€˜[01m[Kvoid VelocitySubscriber::[01;32m[Klistener_callback[m[K(geometry_msgs::msg::Twist_<std::allocator<void> >::SharedPtr) const[m[Kâ€™:
[01m[K/home/adha/belajar/ws1/src/control/src/translator_node.cpp:21:11:[m[K [01;31m[Kerror: [m[Kexpected primary-expression before â€˜[01m[Kdo[m[Kâ€™
   21 | ++        [01;31m[KRCLCPP_INFO[m[K(this->get_logger(), "Linear Velocity: %.2f, Angular Velocity: %.2f", linear_x, angular_z);
      |           [01;31m[K^~~~~~~~~~~[m[K
[01m[K/home/adha/belajar/ws1/src/control/src/translator_node.cpp:23:9:[m[K [01;31m[Kerror: [m[Kâ€˜[01m[Ktwist_to_pwm[m[Kâ€™ was not declared in this scope
   23 |         [01;31m[Ktwist_to_pwm[m[K(msg);
      |         [01;31m[K^~~~~~~~~~~~[m[K
[01m[K/home/adha/belajar/ws1/src/control/src/translator_node.cpp:19:16:[m[K [01;35m[Kwarning: [m[Kunused variable â€˜[01m[Klinear_x[m[Kâ€™ [[01;35m[K]8;;https://gcc.gnu.org/onlinedocs/gcc/Warning-Options.html#index-Wunused-variable-Wunused-variable]8;;[m[K]
   19 |         double [01;35m[Klinear_x[m[K = msg->linear.x;
      |                [01;35m[K^~~~~~~~[m[K
[01m[K/home/adha/belajar/ws1/src/control/src/translator_node.cpp:20:16:[m[K [01;35m[Kwarning: [m[Kunused variable â€˜[01m[Kangular_z[m[Kâ€™ [[01;35m[K]8;;https://gcc.gnu.org/onlinedocs/gcc/Warning-Options.html#index-Wunused-variable-Wunused-variable]8;;[m[K]
   20 |         double [01;35m[Kangular_z[m[K = msg->angular.z;
      |                [01;35m[K^~~~~~~~~[m[K
[ 75%] [32m[1mLinking CXX executable keyboard_input[0m
gmake[2]: *** [CMakeFiles/translator_node.dir/build.make:76: CMakeFiles/translator_node.dir/src/translator_node.cpp.o] Error 1
gmake[1]: *** [CMakeFiles/Makefile2:165: CMakeFiles/translator_node.dir/all] Error 2
gmake[1]: *** Waiting for unfinished jobs....
[ 75%] Built target keyboard_input
gmake: *** [Makefile:146: all] Error 2
