[0.041s] Invoking command in '/home/adha/belajar/ws1/build/control': CMAKE_PREFIX_PATH=/home/adha/belajar/ws1/install/msgs:/home/adha/belajar/ws1/install/ros2_socketcan:/home/adha/belajar/ws1/install/ros2_socketcan_msgs:/home/adha/belajar/ws1/install/control:/home/adha/belajar/ws1/install/can_msgs:/opt/ros/jazzy/opt/gz_math_vendor:/opt/ros/jazzy/opt/gz_utils_vendor:/opt/ros/jazzy/opt/gz_cmake_vendor:/opt/ros/jazzy DEBUGINFOD_URLS=https://debuginfod.ubuntu.com LD_LIBRARY_PATH=/home/adha/belajar/ws1/install/msgs/lib:/home/adha/belajar/ws1/install/ros2_socketcan/lib:/home/adha/belajar/ws1/install/ros2_socketcan_msgs/lib:/home/adha/belajar/ws1/install/can_msgs/lib:/opt/ros/jazzy/opt/rviz_ogre_vendor/lib:/opt/ros/jazzy/lib/x86_64-linux-gnu:/opt/ros/jazzy/opt/gz_math_vendor/lib:/opt/ros/jazzy/opt/gz_utils_vendor/lib:/opt/ros/jazzy/opt/gz_cmake_vendor/lib:/opt/ros/jazzy/lib PYTHONPATH=/home/adha/belajar/ws1/install/msgs/lib/python3.12/site-packages:/home/adha/belajar/ws1/install/ros2_socketcan_msgs/lib/python3.12/site-packages:/home/adha/belajar/ws1/install/can_msgs/lib/python3.12/site-packages:/opt/ros/jazzy/lib/python3.12/site-packages /usr/bin/cmake --build /home/adha/belajar/ws1/build/control -- -j12 -l12
[0.109s] -- Found ament_cmake: 2.5.2 (/opt/ros/jazzy/share/ament_cmake/cmake)
[0.615s] -- Found rclcpp: 28.1.4 (/opt/ros/jazzy/share/rclcpp/cmake)
[0.673s] -- Found rosidl_generator_c: 4.6.4 (/opt/ros/jazzy/share/rosidl_generator_c/cmake)
[0.697s] -- Found rosidl_generator_cpp: 4.6.4 (/opt/ros/jazzy/share/rosidl_generator_cpp/cmake)
[0.728s] -- Using all available rosidl_typesupport_c: rosidl_typesupport_fastrtps_c;rosidl_typesupport_introspection_c
[0.764s] -- Using all available rosidl_typesupport_cpp: rosidl_typesupport_fastrtps_cpp;rosidl_typesupport_introspection_cpp
[0.926s] -- Found rmw_implementation_cmake: 7.3.1 (/opt/ros/jazzy/share/rmw_implementation_cmake/cmake)
[0.931s] -- Found rmw_fastrtps_cpp: 8.4.1 (/opt/ros/jazzy/share/rmw_fastrtps_cpp/cmake)
[1.084s] -- Using RMW implementation 'rmw_fastrtps_cpp' as default
[1.247s] -- Found geometry_msgs: 5.3.5 (/opt/ros/jazzy/share/geometry_msgs/cmake)
[1.327s] -- Found msgs: 0.0.0 (/home/adha/belajar/ws1/install/msgs/share/msgs/cmake)
[1.545s] -- Configuring done (1.5s)
[1.584s] -- Generating done (0.0s)
[1.588s] -- Build files have been written to: /home/adha/belajar/ws1/build/control
[1.687s] [ 50%] [32mBuilding CXX object CMakeFiles/keyboard_input.dir/src/keyboard_input.cpp.o[0m
[1.687s] [ 50%] [32mBuilding CXX object CMakeFiles/translator_node.dir/src/translator_node.cpp.o[0m
[6.449s] In file included from [01m[K/opt/ros/jazzy/include/rclcpp/rclcpp/copy_all_parameter_values.hpp:27[m[K,
[6.449s]                  from [01m[K/opt/ros/jazzy/include/rclcpp/rclcpp/rclcpp.hpp:171[m[K,
[6.450s]                  from [01m[K/home/adha/belajar/ws1/src/control/src/translator_node.cpp:1[m[K:
[6.450s] [01m[K/home/adha/belajar/ws1/src/control/src/translator_node.cpp:[m[K In member function â€˜[01m[Kvoid VelocitySubscriber::[01;32m[Klistener_callback[m[K(geometry_msgs::msg::Twist_<std::allocator<void> >::SharedPtr) const[m[Kâ€™:
[6.450s] [01m[K/home/adha/belajar/ws1/src/control/src/translator_node.cpp:21:11:[m[K [01;31m[Kerror: [m[Kexpected primary-expression before â€˜[01m[Kdo[m[Kâ€™
[6.450s]    21 | ++        [01;31m[KRCLCPP_INFO[m[K(this->get_logger(), "Linear Velocity: %.2f, Angular Velocity: %.2f", linear_x, angular_z);
[6.450s]       |           [01;31m[K^~~~~~~~~~~[m[K
[6.462s] [01m[K/home/adha/belajar/ws1/src/control/src/translator_node.cpp:23:9:[m[K [01;31m[Kerror: [m[Kâ€˜[01m[Ktwist_to_pwm[m[Kâ€™ was not declared in this scope
[6.462s]    23 |         [01;31m[Ktwist_to_pwm[m[K(msg);
[6.463s]       |         [01;31m[K^~~~~~~~~~~~[m[K
[6.463s] [01m[K/home/adha/belajar/ws1/src/control/src/translator_node.cpp:19:16:[m[K [01;35m[Kwarning: [m[Kunused variable â€˜[01m[Klinear_x[m[Kâ€™ [[01;35m[K]8;;https://gcc.gnu.org/onlinedocs/gcc/Warning-Options.html#index-Wunused-variable-Wunused-variable]8;;[m[K]
[6.463s]    19 |         double [01;35m[Klinear_x[m[K = msg->linear.x;
[6.463s]       |                [01;35m[K^~~~~~~~[m[K
[6.463s] [01m[K/home/adha/belajar/ws1/src/control/src/translator_node.cpp:20:16:[m[K [01;35m[Kwarning: [m[Kunused variable â€˜[01m[Kangular_z[m[Kâ€™ [[01;35m[K]8;;https://gcc.gnu.org/onlinedocs/gcc/Warning-Options.html#index-Wunused-variable-Wunused-variable]8;;[m[K]
[6.463s]    20 |         double [01;35m[Kangular_z[m[K = msg->angular.z;
[6.463s]       |                [01;35m[K^~~~~~~~~[m[K
[8.665s] [ 75%] [32m[1mLinking CXX executable keyboard_input[0m
[8.767s] gmake[2]: *** [CMakeFiles/translator_node.dir/build.make:76: CMakeFiles/translator_node.dir/src/translator_node.cpp.o] Error 1
[8.767s] gmake[1]: *** [CMakeFiles/Makefile2:165: CMakeFiles/translator_node.dir/all] Error 2
[8.767s] gmake[1]: *** Waiting for unfinished jobs....
[8.836s] [ 75%] Built target keyboard_input
[8.837s] gmake: *** [Makefile:146: all] Error 2
[8.840s] Invoked command in '/home/adha/belajar/ws1/build/control' returned '2': CMAKE_PREFIX_PATH=/home/adha/belajar/ws1/install/msgs:/home/adha/belajar/ws1/install/ros2_socketcan:/home/adha/belajar/ws1/install/ros2_socketcan_msgs:/home/adha/belajar/ws1/install/control:/home/adha/belajar/ws1/install/can_msgs:/opt/ros/jazzy/opt/gz_math_vendor:/opt/ros/jazzy/opt/gz_utils_vendor:/opt/ros/jazzy/opt/gz_cmake_vendor:/opt/ros/jazzy DEBUGINFOD_URLS=https://debuginfod.ubuntu.com LD_LIBRARY_PATH=/home/adha/belajar/ws1/install/msgs/lib:/home/adha/belajar/ws1/install/ros2_socketcan/lib:/home/adha/belajar/ws1/install/ros2_socketcan_msgs/lib:/home/adha/belajar/ws1/install/can_msgs/lib:/opt/ros/jazzy/opt/rviz_ogre_vendor/lib:/opt/ros/jazzy/lib/x86_64-linux-gnu:/opt/ros/jazzy/opt/gz_math_vendor/lib:/opt/ros/jazzy/opt/gz_utils_vendor/lib:/opt/ros/jazzy/opt/gz_cmake_vendor/lib:/opt/ros/jazzy/lib PYTHONPATH=/home/adha/belajar/ws1/install/msgs/lib/python3.12/site-packages:/home/adha/belajar/ws1/install/ros2_socketcan_msgs/lib/python3.12/site-packages:/home/adha/belajar/ws1/install/can_msgs/lib/python3.12/site-packages:/opt/ros/jazzy/lib/python3.12/site-packages /usr/bin/cmake --build /home/adha/belajar/ws1/build/control -- -j12 -l12
