[ 50%] Built target keyboard_input
[ 75%] [32mBuilding CXX object CMakeFiles/translator_node.dir/src/translator_node.cpp.o[0m
[01m[K/home/adha/belajar/ws1/src/control/src/translator_node.cpp:3:10:[m[K [01;31m[Kfatal error: [m[K../../ros2_socketcan/can_msgs/Frame.msg: No such file or directory
    3 | #include [01;31m[K"../../ros2_socketcan/can_msgs/Frame.msg"[m[K
      |          [01;31m[K^~~~~~~~~~~~~~~~~~~~~~~~~~~~~~~~~~~~~~~~~[m[K
compilation terminated.
gmake[2]: *** [CMakeFiles/translator_node.dir/build.make:76: CMakeFiles/translator_node.dir/src/translator_node.cpp.o] Error 1
gmake[1]: *** [CMakeFiles/Makefile2:165: CMakeFiles/translator_node.dir/all] Error 2
gmake: *** [Makefile:146: all] Error 2
