[0.014s] Invoking command in '/home/adha/belajar/ws1/build/control': CMAKE_PREFIX_PATH=/home/adha/belajar/ws1/install/ros2_socketcan:/home/adha/belajar/ws1/install/ros2_socketcan_msgs:/home/adha/belajar/ws1/install/msgs:/home/adha/belajar/ws1/install/can_msgs:/home/adha/belajar/ws1/install/control:/opt/ros/jazzy/opt/gz_math_vendor:/opt/ros/jazzy/opt/gz_utils_vendor:/opt/ros/jazzy/opt/gz_cmake_vendor:/opt/ros/jazzy DEBUGINFOD_URLS=https://debuginfod.ubuntu.com /usr/bin/cmake --build /home/adha/belajar/ws1/build/control -- -j12 -l12
[0.067s] [ 50%] Built target keyboard_input
[0.071s] [ 75%] [32mBuilding CXX object CMakeFiles/translator_node.dir/src/translator_node.cpp.o[0m
[1.946s] [01m[K/home/adha/belajar/ws1/src/control/src/translator_node.cpp:[m[K In member function â€˜[01m[Kvoid VelocitySubscriber::[01;32m[Ktwist_to_vel[m[K(double, double) const[m[Kâ€™:
[1.946s] [01m[K/home/adha/belajar/ws1/src/control/src/translator_node.cpp:58:9:[m[K [01;31m[Kerror: [m[Kâ€˜[01m[Kcan_hex[m[Kâ€™ was not declared in this scope
[1.947s]    58 |         [01;31m[Kcan_hex[m[K[4] = float_to_hex(-23.75);
[1.947s]       |         [01;31m[K^~~~~~~[m[K
[1.947s] [01m[K/home/adha/belajar/ws1/src/control/src/translator_node.cpp:58:34:[m[K [01;31m[Kerror: [m[Kpassing â€˜[01m[Kconst VelocitySubscriber[m[Kâ€™ as â€˜[01m[Kthis[m[Kâ€™ argument discards qualifiers [[01;31m[K]8;;https://gcc.gnu.org/onlinedocs/gcc/Warning-Options.html#index-fpermissive-fpermissive]8;;[m[K]
[1.947s]    58 |         can_hex[4] = [01;31m[Kfloat_to_hex(-23.75)[m[K;
[1.947s]       |                      [01;31m[K~~~~~~~~~~~~^~~~~~~~[m[K
[1.947s] [01m[K/home/adha/belajar/ws1/src/control/src/translator_node.cpp:66:13:[m[K [01;36m[Knote: [m[K  in call to â€˜[01m[Kuint8_t VelocitySubscriber::[01;32m[Kfloat_to_hex[m[K(double)[m[Kâ€™
[1.947s]    66 |     uint8_t [01;36m[Kfloat_to_hex[m[K(double vel){
[1.947s]       |             [01;36m[K^~~~~~~~~~~~[m[K
[1.947s] [01m[K/home/adha/belajar/ws1/src/control/src/translator_node.cpp:59:17:[m[K [01;31m[Kerror: [m[Kexpected primary-expression before â€˜[01m[K.[m[Kâ€™ token
[1.947s]    59 |         can_msgs[01;31m[K.[m[Kdata[0] = can_hex[0];
[1.947s]       |                 [01;31m[K^[m[K
[1.947s] [01m[K/home/adha/belajar/ws1/src/control/src/translator_node.cpp:60:17:[m[K [01;31m[Kerror: [m[Kexpected primary-expression before â€˜[01m[K.[m[Kâ€™ token
[1.947s]    60 |         can_msgs[01;31m[K.[m[Kdata[1] = can_hex[1];
[1.947s]       |                 [01;31m[K^[m[K
[1.947s] [01m[K/home/adha/belajar/ws1/src/control/src/translator_node.cpp:61:17:[m[K [01;31m[Kerror: [m[Kexpected primary-expression before â€˜[01m[K.[m[Kâ€™ token
[1.947s]    61 |         can_msgs[01;31m[K.[m[Kdata[2] = can_hex[2];
[1.947s]       |                 [01;31m[K^[m[K
[1.948s] [01m[K/home/adha/belajar/ws1/src/control/src/translator_node.cpp:62:17:[m[K [01;31m[Kerror: [m[Kexpected primary-expression before â€˜[01m[K.[m[Kâ€™ token
[1.948s]    62 |         can_msgs[01;31m[K.[m[Kdata[3] = can_hex[3];
[1.948s]       |                 [01;31m[K^[m[K
[1.948s] [01m[K/home/adha/belajar/ws1/src/control/src/translator_node.cpp:41:15:[m[K [01;35m[Kwarning: [m[Kunused variable â€˜[01m[Kvel_motor1[m[Kâ€™ [[01;35m[K]8;;https://gcc.gnu.org/onlinedocs/gcc/Warning-Options.html#index-Wunused-variable-Wunused-variable]8;;[m[K]
[1.948s]    41 |         float [01;35m[Kvel_motor1[m[K = linear_x;
[1.948s]       |               [01;35m[K^~~~~~~~~~[m[K
[1.948s] [01m[K/home/adha/belajar/ws1/src/control/src/translator_node.cpp:42:15:[m[K [01;35m[Kwarning: [m[Kunused variable â€˜[01m[Kvel_motor2[m[Kâ€™ [[01;35m[K]8;;https://gcc.gnu.org/onlinedocs/gcc/Warning-Options.html#index-Wunused-variable-Wunused-variable]8;;[m[K]
[1.948s]    42 |         float [01;35m[Kvel_motor2[m[K = linear_y;
[1.948s]       |               [01;35m[K^~~~~~~~~~[m[K
[1.948s] [01m[K/home/adha/belajar/ws1/src/control/src/translator_node.cpp:43:15:[m[K [01;35m[Kwarning: [m[Kunused variable â€˜[01m[Kvel_motor3[m[Kâ€™ [[01;35m[K]8;;https://gcc.gnu.org/onlinedocs/gcc/Warning-Options.html#index-Wunused-variable-Wunused-variable]8;;[m[K]
[1.948s]    43 |         float [01;35m[Kvel_motor3[m[K = linear_x;
[1.948s]       |               [01;35m[K^~~~~~~~~~[m[K
[1.948s] [01m[K/home/adha/belajar/ws1/src/control/src/translator_node.cpp:44:15:[m[K [01;35m[Kwarning: [m[Kunused variable â€˜[01m[Kvel_motor4[m[Kâ€™ [[01;35m[K]8;;https://gcc.gnu.org/onlinedocs/gcc/Warning-Options.html#index-Wunused-variable-Wunused-variable]8;;[m[K]
[1.948s]    44 |         float [01;35m[Kvel_motor4[m[K = linear_y;
[1.948s]       |               [01;35m[K^~~~~~~~~~[m[K
[1.948s] [01m[K/home/adha/belajar/ws1/src/control/src/translator_node.cpp:[m[K In member function â€˜[01m[Kuint8_t VelocitySubscriber::[01;32m[Kfloat_to_hex[m[K(double)[m[Kâ€™:
[1.948s] [01m[K/home/adha/belajar/ws1/src/control/src/translator_node.cpp:70:25:[m[K [01;31m[Kerror: [m[Kexpected primary-expression before â€˜[01m[K<[m[Kâ€™ token
[1.948s]    70 |         for(int i = 0 ; [01;31m[K<[m[K 4;i++){
[1.948s]       |                         [01;31m[K^[m[K
[1.948s] [01m[K/home/adha/belajar/ws1/src/control/src/translator_node.cpp:73:16:[m[K [01;31m[Kerror: [m[Kinvalid conversion from â€˜[01m[Kuint8_t*[m[Kâ€™ {aka â€˜[01m[Kunsigned char*[m[Kâ€™} to â€˜[01m[Kuint8_t[m[Kâ€™ {aka â€˜[01m[Kunsigned char[m[Kâ€™} [[01;31m[K]8;;https://gcc.gnu.org/onlinedocs/gcc/Warning-Options.html#index-fpermissive-fpermissive]8;;[m[K]
[1.948s]    73 |         return [01;31m[Kbuffer[m[K;
[1.949s]       |                [01;31m[K^~~~~~[m[K
[1.949s]       |                [01;31m[K|[m[K
[1.949s]       |                [01;31m[Kuint8_t* {aka unsigned char*}[m[K
[3.937s] gmake[2]: *** [CMakeFiles/translator_node.dir/build.make:76: CMakeFiles/translator_node.dir/src/translator_node.cpp.o] Error 1
[3.937s] gmake[1]: *** [CMakeFiles/Makefile2:165: CMakeFiles/translator_node.dir/all] Error 2
[3.938s] gmake: *** [Makefile:146: all] Error 2
[3.940s] Invoked command in '/home/adha/belajar/ws1/build/control' returned '2': CMAKE_PREFIX_PATH=/home/adha/belajar/ws1/install/ros2_socketcan:/home/adha/belajar/ws1/install/ros2_socketcan_msgs:/home/adha/belajar/ws1/install/msgs:/home/adha/belajar/ws1/install/can_msgs:/home/adha/belajar/ws1/install/control:/opt/ros/jazzy/opt/gz_math_vendor:/opt/ros/jazzy/opt/gz_utils_vendor:/opt/ros/jazzy/opt/gz_cmake_vendor:/opt/ros/jazzy DEBUGINFOD_URLS=https://debuginfod.ubuntu.com /usr/bin/cmake --build /home/adha/belajar/ws1/build/control -- -j12 -l12
