[0.015s] Invoking command in '/home/adha/belajar/ws1/build/control': CMAKE_PREFIX_PATH=/home/adha/belajar/ws1/install/ros2_socketcan:/home/adha/belajar/ws1/install/ros2_socketcan_msgs:/home/adha/belajar/ws1/install/msgs:/home/adha/belajar/ws1/install/can_msgs:/home/adha/belajar/ws1/install/control:/opt/ros/jazzy/opt/gz_math_vendor:/opt/ros/jazzy/opt/gz_utils_vendor:/opt/ros/jazzy/opt/gz_cmake_vendor:/opt/ros/jazzy DEBUGINFOD_URLS=https://debuginfod.ubuntu.com /usr/bin/cmake --build /home/adha/belajar/ws1/build/control -- -j12 -l12
[0.063s] [ 50%] Built target keyboard_input
[0.063s] [ 75%] [32mBuilding CXX object CMakeFiles/translator_node.dir/src/translator_node.cpp.o[0m
[1.743s] [01m[K/home/adha/belajar/ws1/src/control/src/translator_node.cpp:5:7:[m[K [01;31m[Kerror: [m[Kâ€˜[01m[KMAX_PWM[m[Kâ€™ does not name a type
[1.743s]     5 | const [01;31m[KMAX_PWM[m[K = 255;
[1.743s]       |       [01;31m[K^~~~~~~[m[K
[1.749s] [01m[K/home/adha/belajar/ws1/src/control/src/translator_node.cpp:[m[K In constructor â€˜[01m[KVelocitySubscriber::[01;32m[KVelocitySubscriber[m[K()[m[Kâ€™:
[1.749s] [01m[K/home/adha/belajar/ws1/src/control/src/translator_node.cpp:13:9:[m[K [01;31m[Kerror: [m[Kâ€˜[01m[Ksubscription_[m[Kâ€™ was not declared in this scope; did you mean â€˜[01m[Krmw_subscription_t[m[Kâ€™?
[1.749s]    13 |         [01;31m[Ksubscription_[m[K = this->create_subscription<geometry_msgs::msg::Twist>(
[1.749s]       |         [01;31m[K^~~~~~~~~~~~~[m[K
[1.749s]       |         [32m[Krmw_subscription_t[m[K
[1.778s] [01m[K/home/adha/belajar/ws1/src/control/src/translator_node.cpp:18:9:[m[K [01;31m[Kerror: [m[Kâ€˜[01m[Kcan_publisher_[m[Kâ€™ was not declared in this scope; did you mean â€˜[01m[Kcount_publishers[m[Kâ€™?
[1.778s]    18 |         [01;31m[Kcan_publisher_[m[K = this->create_publisher<socketcan_msgs::msg::CanMsg>("socketcan/can0", 10);
[1.778s]       |         [01;31m[K^~~~~~~~~~~~~~[m[K
[1.778s]       |         [32m[Kcount_publishers[m[K
[1.784s] [01m[K/home/adha/belajar/ws1/src/control/src/translator_node.cpp:18:49:[m[K [01;31m[Kerror: [m[Kâ€˜[01m[Ksocketcan_msgs[m[Kâ€™ was not declared in this scope; did you mean â€˜[01m[Kros2_socketcan_msgs[m[Kâ€™?
[1.784s]    18 |         can_publisher_ = this->create_publisher<[01;31m[Ksocketcan_msgs[m[K::msg::CanMsg>("socketcan/can0", 10);
[1.784s]       |                                                 [01;31m[K^~~~~~~~~~~~~~[m[K
[1.784s]       |                                                 [32m[Kros2_socketcan_msgs[m[K
[1.784s] [01m[K/home/adha/belajar/ws1/src/control/src/translator_node.cpp:18:32:[m[K [01;31m[Kerror: [m[Kparse error in template argument list
[1.784s]    18 |         can_publisher_ = this->[01;31m[Kcreate_publisher<socketcan_msgs::msg::CanMsg>[m[K("socketcan/can0", 10);
[1.784s]       |                                [01;31m[K^~~~~~~~~~~~~~~~~~~~~~~~~~~~~~~~~~~~~~~~~~~~~[m[K
[1.784s] [01m[K/home/adha/belajar/ws1/src/control/src/translator_node.cpp:18:77:[m[K [01;31m[Kerror: [m[Kno matching function for call to â€˜[01m[KVelocitySubscriber::create_publisher<<expression error> >(const char [15], int)[m[Kâ€™
[1.784s]    18 |         can_publisher_ = [01;31m[Kthis->create_publisher<socketcan_msgs::msg::CanMsg>("socketcan/can0", 10)[m[K;
[1.784s]       |                          [01;31m[K~~~~~~~~~~~~~~~~~~~~~~~~~~~~~~~~~~~~~~~~~~~~~~~~~~~^~~~~~~~~~~~~~~~~~~~~~[m[K
[1.784s] In file included from [01m[K/opt/ros/jazzy/include/rclcpp/rclcpp/executors/single_threaded_executor.hpp:28[m[K,
[1.784s]                  from [01m[K/opt/ros/jazzy/include/rclcpp/rclcpp/executors.hpp:22[m[K,
[1.784s]                  from [01m[K/opt/ros/jazzy/include/rclcpp/rclcpp/rclcpp.hpp:172[m[K,
[1.784s]                  from [01m[K/home/adha/belajar/ws1/src/control/src/translator_node.cpp:1[m[K:
[1.784s] [01m[K/opt/ros/jazzy/include/rclcpp/rclcpp/node.hpp:197:3:[m[K [01;36m[Knote: [m[Kcandidate: â€˜[01m[Ktemplate<class MessageT, class AllocatorT, class PublisherT> std::shared_ptr<PublisherT> rclcpp::Node::[01;32m[Kcreate_publisher[m[K(const std::string&, const rclcpp::QoS&, const rclcpp::PublisherOptionsWithAllocator<AllocatorT>&)[m[Kâ€™
[1.785s]   197 |   [01;36m[Kcreate_publisher[m[K(
[1.785s]       |   [01;36m[K^~~~~~~~~~~~~~~~[m[K
[1.785s] [01m[K/opt/ros/jazzy/include/rclcpp/rclcpp/node.hpp:197:3:[m[K [01;36m[Knote: [m[K  template argument deduction/substitution failed:
[1.785s] [01m[K/home/adha/belajar/ws1/src/control/src/translator_node.cpp:18:77:[m[K [01;31m[Kerror: [m[Ktemplate argument 1 is invalid
[1.785s]    18 |         can_publisher_ = [01;31m[Kthis->create_publisher<socketcan_msgs::msg::CanMsg>("socketcan/can0", 10)[m[K;
[1.785s]       |                          [01;31m[K~~~~~~~~~~~~~~~~~~~~~~~~~~~~~~~~~~~~~~~~~~~~~~~~~~~^~~~~~~~~~~~~~~~~~~~~~[m[K
[3.283s] gmake[2]: *** [CMakeFiles/translator_node.dir/build.make:76: CMakeFiles/translator_node.dir/src/translator_node.cpp.o] Error 1
[3.283s] gmake[1]: *** [CMakeFiles/Makefile2:165: CMakeFiles/translator_node.dir/all] Error 2
[3.284s] gmake: *** [Makefile:146: all] Error 2
[3.286s] Invoked command in '/home/adha/belajar/ws1/build/control' returned '2': CMAKE_PREFIX_PATH=/home/adha/belajar/ws1/install/ros2_socketcan:/home/adha/belajar/ws1/install/ros2_socketcan_msgs:/home/adha/belajar/ws1/install/msgs:/home/adha/belajar/ws1/install/can_msgs:/home/adha/belajar/ws1/install/control:/opt/ros/jazzy/opt/gz_math_vendor:/opt/ros/jazzy/opt/gz_utils_vendor:/opt/ros/jazzy/opt/gz_cmake_vendor:/opt/ros/jazzy DEBUGINFOD_URLS=https://debuginfod.ubuntu.com /usr/bin/cmake --build /home/adha/belajar/ws1/build/control -- -j12 -l12
