[  2%] Built target control__rosidl_generator_type_description
[ 10%] [32mBuilding CXX object CMakeFiles/translator_node.dir/src/translator_node.cpp.o[0m
[ 10%] Built target keyboard_input
[ 10%] Built target ament_cmake_python_copy_control
[ 13%] Built target control__cpp
[ 26%] Built target control__rosidl_generator_c
[ 42%] Built target control__rosidl_typesupport_introspection_c
[ 42%] Built target control__rosidl_typesupport_c
[ 50%] Built target control__rosidl_typesupport_cpp
[ 63%] Built target control__rosidl_typesupport_fastrtps_c
[ 65%] Built target control__rosidl_typesupport_fastrtps_cpp
[ 73%] Built target control__rosidl_typesupport_introspection_cpp
[ 73%] Built target control
[ 76%] [34m[1mGenerating Python code for ROS interfaces[0m
running egg_info
writing control.egg-info/PKG-INFO
writing dependency_links to control.egg-info/dependency_links.txt
writing top-level names to control.egg-info/top_level.txt
reading manifest file 'control.egg-info/SOURCES.txt'
writing manifest file 'control.egg-info/SOURCES.txt'
[ 76%] Built target ament_cmake_python_build_control_egg
[01m[K/home/adha/belajar/ws1/src/control/src/translator_node.cpp:3:10:[m[K [01;31m[Kfatal error: [m[K/../../ros2_socketcan/can_msgs/msg/Frame.hpp: No such file or directory
    3 | #include [01;31m[K"/../../ros2_socketcan/can_msgs/msg/Frame.hpp"[m[K
      |          [01;31m[K^~~~~~~~~~~~~~~~~~~~~~~~~~~~~~~~~~~~~~~~~~~~~~[m[K
compilation terminated.
gmake[2]: *** [CMakeFiles/translator_node.dir/build.make:76: CMakeFiles/translator_node.dir/src/translator_node.cpp.o] Error 1
gmake[1]: *** [CMakeFiles/Makefile2:211: CMakeFiles/translator_node.dir/all] Error 2
gmake[1]: *** Waiting for unfinished jobs....
[ 76%] Built target control__py
gmake: *** [Makefile:146: all] Error 2
