[  2%] Built target control__rosidl_generator_type_description
[  7%] Built target keyboard_input
[ 10%] [32mBuilding CXX object CMakeFiles/translator_node.dir/src/translator_node.cpp.o[0m
[ 10%] Built target ament_cmake_python_copy_control
[ 13%] Built target control__cpp
[ 26%] Built target control__rosidl_generator_c
[ 42%] Built target control__rosidl_typesupport_cpp
[ 42%] Built target control__rosidl_typesupport_introspection_c
[ 50%] Built target control__rosidl_typesupport_c
[ 57%] Built target control__rosidl_typesupport_introspection_cpp
[ 68%] Built target control__rosidl_typesupport_fastrtps_c
[ 73%] Built target control__rosidl_typesupport_fastrtps_cpp
[ 73%] Built target control
[ 76%] Built target control__py
[ 81%] Built target control__rosidl_generator_py
[ 89%] Built target control_s__rosidl_typesupport_fastrtps_c
[ 94%] Built target control_s__rosidl_typesupport_introspection_c
[ 97%] Built target control_s__rosidl_typesupport_c
running egg_info
writing control.egg-info/PKG-INFO
writing dependency_links to control.egg-info/dependency_links.txt
writing top-level names to control.egg-info/top_level.txt
reading manifest file 'control.egg-info/SOURCES.txt'
writing manifest file 'control.egg-info/SOURCES.txt'
[ 97%] Built target ament_cmake_python_build_control_egg
[01m[K/home/adha/belajar/ws1/src/control/src/translator_node.cpp:5:7:[m[K [01;31m[Kerror: [m[Kâ€˜[01m[KMAX_PWM[m[Kâ€™ does not name a type
    5 | const [01;31m[KMAX_PWM[m[K = 255;
      |       [01;31m[K^~~~~~~[m[K
[01m[K/home/adha/belajar/ws1/src/control/src/translator_node.cpp:57:23:[m[K [01;31m[Kerror: [m[Kâ€˜[01m[Ksocketcan_msgs[m[Kâ€™ was not declared in this scope
   57 |     rclcpp::Publisher<[01;31m[Ksocketcan_msgs[m[K::msg::CanMsg>::SharedPtr can_publisher_;
      |                       [01;31m[K^~~~~~~~~~~~~~[m[K
[01m[K/home/adha/belajar/ws1/src/control/src/translator_node.cpp:57:50:[m[K [01;31m[Kerror: [m[Ktemplate argument 1 is invalid
   57 |     rclcpp::Publisher<socketcan_msgs::msg::CanMsg[01;31m[K>[m[K::SharedPtr can_publisher_;
      |                                                  [01;31m[K^[m[K
[01m[K/home/adha/belajar/ws1/src/control/src/translator_node.cpp:57:53:[m[K [01;31m[Kerror: [m[Kexpected â€˜[01m[K;[m[Kâ€™ at end of member declaration
   57 |     rclcpp::Publisher<socketcan_msgs::msg::CanMsg>::[01;31m[KSharedPtr[m[K can_publisher_;
      |                                                     [01;31m[K^~~~~~~~~[m[K
      |                                                              [32m[K;[m[K
[01m[K/home/adha/belajar/ws1/src/control/src/translator_node.cpp:57:63:[m[K [01;31m[Kerror: [m[Kâ€˜[01m[Kcan_publisher_[m[Kâ€™ does not name a type; did you mean â€˜[01m[Krmw_publisher_t[m[Kâ€™?
   57 |     rclcpp::Publisher<socketcan_msgs::msg::CanMsg>::SharedPtr [01;31m[Kcan_publisher_[m[K;
      |                                                               [01;31m[K^~~~~~~~~~~~~~[m[K
      |                                                               [32m[Krmw_publisher_t[m[K
[01m[K/home/adha/belajar/ws1/src/control/src/translator_node.cpp:[m[K In constructor â€˜[01m[KVelocitySubscriber::[01;32m[KVelocitySubscriber[m[K()[m[Kâ€™:
[01m[K/home/adha/belajar/ws1/src/control/src/translator_node.cpp:18:9:[m[K [01;31m[Kerror: [m[Kâ€˜[01m[Kcan_publisher_[m[Kâ€™ was not declared in this scope; did you mean â€˜[01m[Kcount_publishers[m[Kâ€™?
   18 |         [01;31m[Kcan_publisher_[m[K = this->create_publisher<socketcan_msgs::msg::CanMsg>("socketcan/can0", 10);
      |         [01;31m[K^~~~~~~~~~~~~~[m[K
      |         [32m[Kcount_publishers[m[K
[01m[K/home/adha/belajar/ws1/src/control/src/translator_node.cpp:18:49:[m[K [01;31m[Kerror: [m[Kâ€˜[01m[Ksocketcan_msgs[m[Kâ€™ was not declared in this scope
   18 |         can_publisher_ = this->create_publisher<[01;31m[Ksocketcan_msgs[m[K::msg::CanMsg>("socketcan/can0", 10);
      |                                                 [01;31m[K^~~~~~~~~~~~~~[m[K
[01m[K/home/adha/belajar/ws1/src/control/src/translator_node.cpp:18:32:[m[K [01;31m[Kerror: [m[Kparse error in template argument list
   18 |         can_publisher_ = this->[01;31m[Kcreate_publisher<socketcan_msgs::msg::CanMsg>[m[K("socketcan/can0", 10);
      |                                [01;31m[K^~~~~~~~~~~~~~~~~~~~~~~~~~~~~~~~~~~~~~~~~~~~~[m[K
[01m[K/home/adha/belajar/ws1/src/control/src/translator_node.cpp:18:77:[m[K [01;31m[Kerror: [m[Kno matching function for call to â€˜[01m[KVelocitySubscriber::create_publisher<<expression error> >(const char [15], int)[m[Kâ€™
   18 |         can_publisher_ = [01;31m[Kthis->create_publisher<socketcan_msgs::msg::CanMsg>("socketcan/can0", 10)[m[K;
      |                          [01;31m[K~~~~~~~~~~~~~~~~~~~~~~~~~~~~~~~~~~~~~~~~~~~~~~~~~~~^~~~~~~~~~~~~~~~~~~~~~[m[K
In file included from [01m[K/opt/ros/jazzy/include/rclcpp/rclcpp/executors/single_threaded_executor.hpp:28[m[K,
                 from [01m[K/opt/ros/jazzy/include/rclcpp/rclcpp/executors.hpp:22[m[K,
                 from [01m[K/opt/ros/jazzy/include/rclcpp/rclcpp/rclcpp.hpp:172[m[K,
                 from [01m[K/home/adha/belajar/ws1/src/control/src/translator_node.cpp:1[m[K:
[01m[K/opt/ros/jazzy/include/rclcpp/rclcpp/node.hpp:197:3:[m[K [01;36m[Knote: [m[Kcandidate: â€˜[01m[Ktemplate<class MessageT, class AllocatorT, class PublisherT> std::shared_ptr<PublisherT> rclcpp::Node::[01;32m[Kcreate_publisher[m[K(const std::string&, const rclcpp::QoS&, const rclcpp::PublisherOptionsWithAllocator<AllocatorT>&)[m[Kâ€™
  197 |   [01;36m[Kcreate_publisher[m[K(
      |   [01;36m[K^~~~~~~~~~~~~~~~[m[K
[01m[K/opt/ros/jazzy/include/rclcpp/rclcpp/node.hpp:197:3:[m[K [01;36m[Knote: [m[K  template argument deduction/substitution failed:
[01m[K/home/adha/belajar/ws1/src/control/src/translator_node.cpp:18:77:[m[K [01;31m[Kerror: [m[Ktemplate argument 1 is invalid
   18 |         can_publisher_ = [01;31m[Kthis->create_publisher<socketcan_msgs::msg::CanMsg>("socketcan/can0", 10)[m[K;
      |                          [01;31m[K~~~~~~~~~~~~~~~~~~~~~~~~~~~~~~~~~~~~~~~~~~~~~~~~~~~^~~~~~~~~~~~~~~~~~~~~~[m[K
gmake[2]: *** [CMakeFiles/translator_node.dir/build.make:76: CMakeFiles/translator_node.dir/src/translator_node.cpp.o] Error 1
gmake[1]: *** [CMakeFiles/Makefile2:211: CMakeFiles/translator_node.dir/all] Error 2
gmake: *** [Makefile:146: all] Error 2
