[0.009s] Invoking command in '/home/adha/belajar/ws1/build/control': CMAKE_PREFIX_PATH=/home/adha/belajar/ws1/install/msgs:/home/adha/belajar/ws1/install/ros2_socketcan:/home/adha/belajar/ws1/install/ros2_socketcan_msgs:/home/adha/belajar/ws1/install/control:/home/adha/belajar/ws1/install/can_msgs:/opt/ros/jazzy/opt/gz_math_vendor:/opt/ros/jazzy/opt/gz_utils_vendor:/opt/ros/jazzy/opt/gz_cmake_vendor:/opt/ros/jazzy DEBUGINFOD_URLS=https://debuginfod.ubuntu.com LD_LIBRARY_PATH=/home/adha/belajar/ws1/install/msgs/lib:/home/adha/belajar/ws1/install/ros2_socketcan/lib:/home/adha/belajar/ws1/install/ros2_socketcan_msgs/lib:/home/adha/belajar/ws1/install/can_msgs/lib:/opt/ros/jazzy/opt/rviz_ogre_vendor/lib:/opt/ros/jazzy/lib/x86_64-linux-gnu:/opt/ros/jazzy/opt/gz_math_vendor/lib:/opt/ros/jazzy/opt/gz_utils_vendor/lib:/opt/ros/jazzy/opt/gz_cmake_vendor/lib:/opt/ros/jazzy/lib PYTHONPATH=/home/adha/belajar/ws1/install/msgs/lib/python3.12/site-packages:/home/adha/belajar/ws1/install/ros2_socketcan_msgs/lib/python3.12/site-packages:/home/adha/belajar/ws1/install/can_msgs/lib/python3.12/site-packages:/opt/ros/jazzy/lib/python3.12/site-packages /usr/bin/cmake --build /home/adha/belajar/ws1/build/control -- -j12 -l12
[0.056s] [  2%] Built target control__rosidl_generator_type_description
[0.063s] [  7%] Built target keyboard_input
[0.064s] [ 10%] [32mBuilding CXX object CMakeFiles/translator_node.dir/src/translator_node.cpp.o[0m
[0.064s] [ 10%] Built target ament_cmake_python_copy_control
[0.074s] [ 13%] Built target control__cpp
[0.075s] [ 26%] Built target control__rosidl_generator_c
[0.096s] [ 42%] Built target control__rosidl_typesupport_cpp
[0.096s] [ 42%] Built target control__rosidl_typesupport_introspection_c
[0.096s] [ 50%] Built target control__rosidl_typesupport_c
[0.096s] [ 57%] Built target control__rosidl_typesupport_introspection_cpp
[0.097s] [ 68%] Built target control__rosidl_typesupport_fastrtps_c
[0.097s] [ 73%] Built target control__rosidl_typesupport_fastrtps_cpp
[0.116s] [ 73%] Built target control
[0.133s] [ 76%] Built target control__py
[0.152s] [ 81%] Built target control__rosidl_generator_py
[0.174s] [ 89%] Built target control_s__rosidl_typesupport_fastrtps_c
[0.175s] [ 94%] Built target control_s__rosidl_typesupport_introspection_c
[0.175s] [ 97%] Built target control_s__rosidl_typesupport_c
[0.251s] running egg_info
[0.263s] writing control.egg-info/PKG-INFO
[0.263s] writing dependency_links to control.egg-info/dependency_links.txt
[0.263s] writing top-level names to control.egg-info/top_level.txt
[0.295s] reading manifest file 'control.egg-info/SOURCES.txt'
[0.295s] writing manifest file 'control.egg-info/SOURCES.txt'
[0.324s] [ 97%] Built target ament_cmake_python_build_control_egg
[1.707s] [01m[K/home/adha/belajar/ws1/src/control/src/translator_node.cpp:5:7:[m[K [01;31m[Kerror: [m[Kâ€˜[01m[KMAX_PWM[m[Kâ€™ does not name a type
[1.708s]     5 | const [01;31m[KMAX_PWM[m[K = 255;
[1.708s]       |       [01;31m[K^~~~~~~[m[K
[1.737s] [01m[K/home/adha/belajar/ws1/src/control/src/translator_node.cpp:57:23:[m[K [01;31m[Kerror: [m[Kâ€˜[01m[Ksocketcan_msgs[m[Kâ€™ was not declared in this scope
[1.737s]    57 |     rclcpp::Publisher<[01;31m[Ksocketcan_msgs[m[K::msg::CanMsg>::SharedPtr can_publisher_;
[1.737s]       |                       [01;31m[K^~~~~~~~~~~~~~[m[K
[1.737s] [01m[K/home/adha/belajar/ws1/src/control/src/translator_node.cpp:57:50:[m[K [01;31m[Kerror: [m[Ktemplate argument 1 is invalid
[1.737s]    57 |     rclcpp::Publisher<socketcan_msgs::msg::CanMsg[01;31m[K>[m[K::SharedPtr can_publisher_;
[1.737s]       |                                                  [01;31m[K^[m[K
[1.737s] [01m[K/home/adha/belajar/ws1/src/control/src/translator_node.cpp:57:53:[m[K [01;31m[Kerror: [m[Kexpected â€˜[01m[K;[m[Kâ€™ at end of member declaration
[1.737s]    57 |     rclcpp::Publisher<socketcan_msgs::msg::CanMsg>::[01;31m[KSharedPtr[m[K can_publisher_;
[1.738s]       |                                                     [01;31m[K^~~~~~~~~[m[K
[1.738s]       |                                                              [32m[K;[m[K
[1.738s] [01m[K/home/adha/belajar/ws1/src/control/src/translator_node.cpp:57:63:[m[K [01;31m[Kerror: [m[Kâ€˜[01m[Kcan_publisher_[m[Kâ€™ does not name a type; did you mean â€˜[01m[Krmw_publisher_t[m[Kâ€™?
[1.738s]    57 |     rclcpp::Publisher<socketcan_msgs::msg::CanMsg>::SharedPtr [01;31m[Kcan_publisher_[m[K;
[1.738s]       |                                                               [01;31m[K^~~~~~~~~~~~~~[m[K
[1.738s]       |                                                               [32m[Krmw_publisher_t[m[K
[1.750s] [01m[K/home/adha/belajar/ws1/src/control/src/translator_node.cpp:[m[K In constructor â€˜[01m[KVelocitySubscriber::[01;32m[KVelocitySubscriber[m[K()[m[Kâ€™:
[1.750s] [01m[K/home/adha/belajar/ws1/src/control/src/translator_node.cpp:18:9:[m[K [01;31m[Kerror: [m[Kâ€˜[01m[Kcan_publisher_[m[Kâ€™ was not declared in this scope; did you mean â€˜[01m[Kcount_publishers[m[Kâ€™?
[1.750s]    18 |         [01;31m[Kcan_publisher_[m[K = this->create_publisher<socketcan_msgs::msg::CanMsg>("socketcan/can0", 10);
[1.750s]       |         [01;31m[K^~~~~~~~~~~~~~[m[K
[1.750s]       |         [32m[Kcount_publishers[m[K
[1.755s] [01m[K/home/adha/belajar/ws1/src/control/src/translator_node.cpp:18:49:[m[K [01;31m[Kerror: [m[Kâ€˜[01m[Ksocketcan_msgs[m[Kâ€™ was not declared in this scope
[1.755s]    18 |         can_publisher_ = this->create_publisher<[01;31m[Ksocketcan_msgs[m[K::msg::CanMsg>("socketcan/can0", 10);
[1.755s]       |                                                 [01;31m[K^~~~~~~~~~~~~~[m[K
[1.755s] [01m[K/home/adha/belajar/ws1/src/control/src/translator_node.cpp:18:32:[m[K [01;31m[Kerror: [m[Kparse error in template argument list
[1.755s]    18 |         can_publisher_ = this->[01;31m[Kcreate_publisher<socketcan_msgs::msg::CanMsg>[m[K("socketcan/can0", 10);
[1.755s]       |                                [01;31m[K^~~~~~~~~~~~~~~~~~~~~~~~~~~~~~~~~~~~~~~~~~~~~[m[K
[1.756s] [01m[K/home/adha/belajar/ws1/src/control/src/translator_node.cpp:18:77:[m[K [01;31m[Kerror: [m[Kno matching function for call to â€˜[01m[KVelocitySubscriber::create_publisher<<expression error> >(const char [15], int)[m[Kâ€™
[1.756s]    18 |         can_publisher_ = [01;31m[Kthis->create_publisher<socketcan_msgs::msg::CanMsg>("socketcan/can0", 10)[m[K;
[1.756s]       |                          [01;31m[K~~~~~~~~~~~~~~~~~~~~~~~~~~~~~~~~~~~~~~~~~~~~~~~~~~~^~~~~~~~~~~~~~~~~~~~~~[m[K
[1.756s] In file included from [01m[K/opt/ros/jazzy/include/rclcpp/rclcpp/executors/single_threaded_executor.hpp:28[m[K,
[1.756s]                  from [01m[K/opt/ros/jazzy/include/rclcpp/rclcpp/executors.hpp:22[m[K,
[1.756s]                  from [01m[K/opt/ros/jazzy/include/rclcpp/rclcpp/rclcpp.hpp:172[m[K,
[1.756s]                  from [01m[K/home/adha/belajar/ws1/src/control/src/translator_node.cpp:1[m[K:
[1.756s] [01m[K/opt/ros/jazzy/include/rclcpp/rclcpp/node.hpp:197:3:[m[K [01;36m[Knote: [m[Kcandidate: â€˜[01m[Ktemplate<class MessageT, class AllocatorT, class PublisherT> std::shared_ptr<PublisherT> rclcpp::Node::[01;32m[Kcreate_publisher[m[K(const std::string&, const rclcpp::QoS&, const rclcpp::PublisherOptionsWithAllocator<AllocatorT>&)[m[Kâ€™
[1.756s]   197 |   [01;36m[Kcreate_publisher[m[K(
[1.756s]       |   [01;36m[K^~~~~~~~~~~~~~~~[m[K
[1.756s] [01m[K/opt/ros/jazzy/include/rclcpp/rclcpp/node.hpp:197:3:[m[K [01;36m[Knote: [m[K  template argument deduction/substitution failed:
[1.756s] [01m[K/home/adha/belajar/ws1/src/control/src/translator_node.cpp:18:77:[m[K [01;31m[Kerror: [m[Ktemplate argument 1 is invalid
[1.756s]    18 |         can_publisher_ = [01;31m[Kthis->create_publisher<socketcan_msgs::msg::CanMsg>("socketcan/can0", 10)[m[K;
[1.756s]       |                          [01;31m[K~~~~~~~~~~~~~~~~~~~~~~~~~~~~~~~~~~~~~~~~~~~~~~~~~~~^~~~~~~~~~~~~~~~~~~~~~[m[K
[3.355s] gmake[2]: *** [CMakeFiles/translator_node.dir/build.make:76: CMakeFiles/translator_node.dir/src/translator_node.cpp.o] Error 1
[3.355s] gmake[1]: *** [CMakeFiles/Makefile2:211: CMakeFiles/translator_node.dir/all] Error 2
[3.355s] gmake: *** [Makefile:146: all] Error 2
[3.357s] Invoked command in '/home/adha/belajar/ws1/build/control' returned '2': CMAKE_PREFIX_PATH=/home/adha/belajar/ws1/install/msgs:/home/adha/belajar/ws1/install/ros2_socketcan:/home/adha/belajar/ws1/install/ros2_socketcan_msgs:/home/adha/belajar/ws1/install/control:/home/adha/belajar/ws1/install/can_msgs:/opt/ros/jazzy/opt/gz_math_vendor:/opt/ros/jazzy/opt/gz_utils_vendor:/opt/ros/jazzy/opt/gz_cmake_vendor:/opt/ros/jazzy DEBUGINFOD_URLS=https://debuginfod.ubuntu.com LD_LIBRARY_PATH=/home/adha/belajar/ws1/install/msgs/lib:/home/adha/belajar/ws1/install/ros2_socketcan/lib:/home/adha/belajar/ws1/install/ros2_socketcan_msgs/lib:/home/adha/belajar/ws1/install/can_msgs/lib:/opt/ros/jazzy/opt/rviz_ogre_vendor/lib:/opt/ros/jazzy/lib/x86_64-linux-gnu:/opt/ros/jazzy/opt/gz_math_vendor/lib:/opt/ros/jazzy/opt/gz_utils_vendor/lib:/opt/ros/jazzy/opt/gz_cmake_vendor/lib:/opt/ros/jazzy/lib PYTHONPATH=/home/adha/belajar/ws1/install/msgs/lib/python3.12/site-packages:/home/adha/belajar/ws1/install/ros2_socketcan_msgs/lib/python3.12/site-packages:/home/adha/belajar/ws1/install/can_msgs/lib/python3.12/site-packages:/opt/ros/jazzy/lib/python3.12/site-packages /usr/bin/cmake --build /home/adha/belajar/ws1/build/control -- -j12 -l12
