[ 50%] Built target keyboard_input
[ 75%] [32mBuilding CXX object CMakeFiles/translator_node.dir/src/translator_node.cpp.o[0m
[01m[K/home/adha/belajar/ws1/src/control/src/translator_node.cpp:[m[K In member function â€˜[01m[Kvoid VelocitySubscriber::[01;32m[Ktwist_to_vel[m[K(double, double) const[m[Kâ€™:
[01m[K/home/adha/belajar/ws1/src/control/src/translator_node.cpp:65:9:[m[K [01;31m[Kerror: [m[Kâ€˜[01m[Kcan_msgs1[m[Kâ€™ was not declared in this scope; did you mean â€˜[01m[Kcan_msgs[m[Kâ€™?
   65 |         [01;31m[Kcan_msgs1[m[K.data[4] = motor2[0];
      |         [01;31m[K^~~~~~~~~[m[K
      |         [32m[Kcan_msgs[m[K
gmake[2]: *** [CMakeFiles/translator_node.dir/build.make:76: CMakeFiles/translator_node.dir/src/translator_node.cpp.o] Error 1
gmake[1]: *** [CMakeFiles/Makefile2:165: CMakeFiles/translator_node.dir/all] Error 2
gmake: *** [Makefile:146: all] Error 2
